<?xml version="1.0" encoding="UTF-8"?>
<robot generator="Robot 4.0.1 (Python 3.9.5 on win32)" generated="20210510 13:58:21.196" rpa="false" schemaversion="2">
<suite id="s1" name="Create Tests" source="C:\Users\user\Downloads\WebDemo-main\WebDemo-main\create_tests">
<suite id="s1-s1" name="Invalid Create" source="C:\Users\user\Downloads\WebDemo-main\WebDemo-main\create_tests\invalid_create.robot">
<kw name="Open Browser To Classcreation Page" library="resource" type="SETUP">
<kw name="Open Browser" library="SeleniumLibrary">
<arg>${CREATE URL}</arg>
<arg>${BROWSER}</arg>
<doc>Opens a new browser instance to the optional ``url``.</doc>
<msg timestamp="20210510 13:58:21.342" level="INFO">Opening browser 'Chrome' to base url 'http://localhost:7272/createClass.html'.</msg>
<status status="PASS" starttime="20210510 13:58:21.342" endtime="20210510 13:58:23.151"/>
</kw>
<kw name="Maximize Browser Window" library="SeleniumLibrary">
<doc>Maximizes current browser window.</doc>
<status status="PASS" starttime="20210510 13:58:23.151" endtime="20210510 13:58:23.268"/>
</kw>
<kw name="Set Selenium Speed" library="SeleniumLibrary">
<arg>${DELAY}</arg>
<doc>Sets the delay that is waited after each Selenium command.</doc>
<status status="PASS" starttime="20210510 13:58:23.268" endtime="20210510 13:58:23.268"/>
</kw>
<kw name="Classcreation Page Should Be Open" library="resource">
<kw name="Title Should Be" library="SeleniumLibrary">
<arg>Create class</arg>
<doc>Verifies that the current page title equals ``title``.</doc>
<msg timestamp="20210510 13:58:23.271" level="INFO">Page title is 'Create class'.</msg>
<status status="PASS" starttime="20210510 13:58:23.268" endtime="20210510 13:58:23.271"/>
</kw>
<status status="PASS" starttime="20210510 13:58:23.268" endtime="20210510 13:58:23.271"/>
</kw>
<status status="PASS" starttime="20210510 13:58:21.342" endtime="20210510 13:58:23.271"/>
</kw>
<test id="s1-s1-t1" name="Empty Title 1">
<kw name="Go To Classcreation Page" library="resource" type="SETUP">
<kw name="Go To" library="SeleniumLibrary">
<arg>${CREATE URL}</arg>
<doc>Navigates the current browser window to the provided ``url``.</doc>
<msg timestamp="20210510 13:58:23.272" level="INFO">Opening url 'http://localhost:7272/createClass.html'</msg>
<status status="PASS" starttime="20210510 13:58:23.272" endtime="20210510 13:58:23.586"/>
</kw>
<kw name="Classcreation Page Should Be Open" library="resource">
<kw name="Title Should Be" library="SeleniumLibrary">
<arg>Create class</arg>
<doc>Verifies that the current page title equals ``title``.</doc>
<msg timestamp="20210510 13:58:23.588" level="INFO">Page title is 'Create class'.</msg>
<status status="PASS" starttime="20210510 13:58:23.587" endtime="20210510 13:58:23.588"/>
</kw>
<status status="PASS" starttime="20210510 13:58:23.587" endtime="20210510 13:58:23.589"/>
</kw>
<status status="PASS" starttime="20210510 13:58:23.271" endtime="20210510 13:58:23.589"/>
</kw>
<kw name="Create Class With Invalid Credentials Should Fail">
<arg>${EMPTY}</arg>
<arg>text</arg>
<arg>1</arg>
<arg>1</arg>
<kw name="Input Title" library="resource">
<arg>${title}</arg>
<kw name="Input Text" library="SeleniumLibrary">
<arg>title_field</arg>
<arg>${title}</arg>
<doc>Types the given ``text`` into the text field identified by ``locator``.</doc>
<msg timestamp="20210510 13:58:23.590" level="INFO">Typing text '' into text field 'title_field'.</msg>
<status status="PASS" starttime="20210510 13:58:23.590" endtime="20210510 13:58:23.630"/>
</kw>
<status status="PASS" starttime="20210510 13:58:23.589" endtime="20210510 13:58:23.630"/>
</kw>
<kw name="Input Description" library="resource">
<arg>${description}</arg>
<kw name="Input Text" library="SeleniumLibrary">
<arg>description_field</arg>
<arg>${description}</arg>
<doc>Types the given ``text`` into the text field identified by ``locator``.</doc>
<msg timestamp="20210510 13:58:23.631" level="INFO">Typing text 'text' into text field 'description_field'.</msg>
<status status="PASS" starttime="20210510 13:58:23.631" endtime="20210510 13:58:23.669"/>
</kw>
<status status="PASS" starttime="20210510 13:58:23.630" endtime="20210510 13:58:23.669"/>
</kw>
<kw name="Select Difficulty" library="resource">
<arg>${difficulty}</arg>
<kw name="Select From List By Index" library="SeleniumLibrary">
<arg>xpath=//select[@id="difficulty_field"]</arg>
<arg>${difficulty}</arg>
<doc>Selects options from selection list ``locator`` by ``indexes``.</doc>
<msg timestamp="20210510 13:58:23.670" level="INFO">Selecting options from selection list 'xpath=//select[@id="difficulty_field"]' by index 1.</msg>
<status status="PASS" starttime="20210510 13:58:23.670" endtime="20210510 13:58:23.707"/>
</kw>
<status status="PASS" starttime="20210510 13:58:23.669" endtime="20210510 13:58:23.707"/>
</kw>
<kw name="Select Language" library="resource">
<arg>${language}</arg>
<kw name="Select From List By Index" library="SeleniumLibrary">
<arg>xpath=//select[@id="language_field"]</arg>
<arg>${language}</arg>
<doc>Selects options from selection list ``locator`` by ``indexes``.</doc>
<msg timestamp="20210510 13:58:23.708" level="INFO">Selecting options from selection list 'xpath=//select[@id="language_field"]' by index 1.</msg>
<status status="PASS" starttime="20210510 13:58:23.708" endtime="20210510 13:58:23.742"/>
</kw>
<status status="PASS" starttime="20210510 13:58:23.707" endtime="20210510 13:58:23.742"/>
</kw>
<kw name="Submit Creation" library="resource">
<kw name="Click Button" library="SeleniumLibrary">
<arg>submit_button</arg>
<doc>Clicks the button identified by ``locator``.</doc>
<msg timestamp="20210510 13:58:23.743" level="INFO">Clicking button 'submit_button'.</msg>
<status status="PASS" starttime="20210510 13:58:23.743" endtime="20210510 13:58:24.094"/>
</kw>
<status status="PASS" starttime="20210510 13:58:23.742" endtime="20210510 13:58:24.094"/>
</kw>
<kw name="Class Creation Should Have Failed">
<kw name="Location Should Be" library="SeleniumLibrary">
<arg>${CREATE ERROR URL}</arg>
<doc>Verifies that the current URL is exactly ``url``.</doc>
<msg timestamp="20210510 13:58:24.096" level="INFO">Current location is 'http://localhost:7272/classCreationError.html'.</msg>
<status status="PASS" starttime="20210510 13:58:24.095" endtime="20210510 13:58:24.097"/>
</kw>
<kw name="Title Should Be" library="SeleniumLibrary">
<arg>Error Page</arg>
<doc>Verifies that the current page title equals ``title``.</doc>
<msg timestamp="20210510 13:58:24.098" level="INFO">Page title is 'Error Page'.</msg>
<status status="PASS" starttime="20210510 13:58:24.097" endtime="20210510 13:58:24.098"/>
</kw>
<status status="PASS" starttime="20210510 13:58:24.094" endtime="20210510 13:58:24.098"/>
</kw>
<status status="PASS" starttime="20210510 13:58:23.589" endtime="20210510 13:58:24.098"/>
</kw>
<status status="PASS" starttime="20210510 13:58:23.271" endtime="20210510 13:58:24.099"/>
</test>
<test id="s1-s1-t2" name="Empty Title 2">
<kw name="Go To Classcreation Page" library="resource" type="SETUP">
<kw name="Go To" library="SeleniumLibrary">
<arg>${CREATE URL}</arg>
<doc>Navigates the current browser window to the provided ``url``.</doc>
<msg timestamp="20210510 13:58:24.100" level="INFO">Opening url 'http://localhost:7272/createClass.html'</msg>
<status status="PASS" starttime="20210510 13:58:24.100" endtime="20210510 13:58:24.110"/>
</kw>
<kw name="Classcreation Page Should Be Open" library="resource">
<kw name="Title Should Be" library="SeleniumLibrary">
<arg>Create class</arg>
<doc>Verifies that the current page title equals ``title``.</doc>
<msg timestamp="20210510 13:58:24.112" level="INFO">Page title is 'Create class'.</msg>
<status status="PASS" starttime="20210510 13:58:24.111" endtime="20210510 13:58:24.112"/>
</kw>
<status status="PASS" starttime="20210510 13:58:24.110" endtime="20210510 13:58:24.112"/>
</kw>
<status status="PASS" starttime="20210510 13:58:24.099" endtime="20210510 13:58:24.112"/>
</kw>
<kw name="Create Class With Invalid Credentials Should Fail">
<arg>${EMPTY}</arg>
<arg>text</arg>
<arg>1</arg>
<arg>2</arg>
<kw name="Input Title" library="resource">
<arg>${title}</arg>
<kw name="Input Text" library="SeleniumLibrary">
<arg>title_field</arg>
<arg>${title}</arg>
<doc>Types the given ``text`` into the text field identified by ``locator``.</doc>
<msg timestamp="20210510 13:58:24.114" level="INFO">Typing text '' into text field 'title_field'.</msg>
<status status="PASS" starttime="20210510 13:58:24.114" endtime="20210510 13:58:24.150"/>
</kw>
<status status="PASS" starttime="20210510 13:58:24.113" endtime="20210510 13:58:24.150"/>
</kw>
<kw name="Input Description" library="resource">
<arg>${description}</arg>
<kw name="Input Text" library="SeleniumLibrary">
<arg>description_field</arg>
<arg>${description}</arg>
<doc>Types the given ``text`` into the text field identified by ``locator``.</doc>
<msg timestamp="20210510 13:58:24.150" level="INFO">Typing text 'text' into text field 'description_field'.</msg>
<status status="PASS" starttime="20210510 13:58:24.150" endtime="20210510 13:58:24.185"/>
</kw>
<status status="PASS" starttime="20210510 13:58:24.150" endtime="20210510 13:58:24.185"/>
</kw>
<kw name="Select Difficulty" library="resource">
<arg>${difficulty}</arg>
<kw name="Select From List By Index" library="SeleniumLibrary">
<arg>xpath=//select[@id="difficulty_field"]</arg>
<arg>${difficulty}</arg>
<doc>Selects options from selection list ``locator`` by ``indexes``.</doc>
<msg timestamp="20210510 13:58:24.186" level="INFO">Selecting options from selection list 'xpath=//select[@id="difficulty_field"]' by index 1.</msg>
<status status="PASS" starttime="20210510 13:58:24.186" endtime="20210510 13:58:24.219"/>
</kw>
<status status="PASS" starttime="20210510 13:58:24.185" endtime="20210510 13:58:24.219"/>
</kw>
<kw name="Select Language" library="resource">
<arg>${language}</arg>
<kw name="Select From List By Index" library="SeleniumLibrary">
<arg>xpath=//select[@id="language_field"]</arg>
<arg>${language}</arg>
<doc>Selects options from selection list ``locator`` by ``indexes``.</doc>
<msg timestamp="20210510 13:58:24.219" level="INFO">Selecting options from selection list 'xpath=//select[@id="language_field"]' by index 2.</msg>
<status status="PASS" starttime="20210510 13:58:24.219" endtime="20210510 13:58:24.253"/>
</kw>
<status status="PASS" starttime="20210510 13:58:24.219" endtime="20210510 13:58:24.254"/>
</kw>
<kw name="Submit Creation" library="resource">
<kw name="Click Button" library="SeleniumLibrary">
<arg>submit_button</arg>
<doc>Clicks the button identified by ``locator``.</doc>
<msg timestamp="20210510 13:58:24.254" level="INFO">Clicking button 'submit_button'.</msg>
<status status="PASS" starttime="20210510 13:58:24.254" endtime="20210510 13:58:24.283"/>
</kw>
<status status="PASS" starttime="20210510 13:58:24.254" endtime="20210510 13:58:24.283"/>
</kw>
<kw name="Class Creation Should Have Failed">
<kw name="Location Should Be" library="SeleniumLibrary">
<arg>${CREATE ERROR URL}</arg>
<doc>Verifies that the current URL is exactly ``url``.</doc>
<msg timestamp="20210510 13:58:24.285" level="INFO">Current location is 'http://localhost:7272/classCreationError.html'.</msg>
<status status="PASS" starttime="20210510 13:58:24.283" endtime="20210510 13:58:24.285"/>
</kw>
<kw name="Title Should Be" library="SeleniumLibrary">
<arg>Error Page</arg>
<doc>Verifies that the current page title equals ``title``.</doc>
<msg timestamp="20210510 13:58:24.286" level="INFO">Page title is 'Error Page'.</msg>
<status status="PASS" starttime="20210510 13:58:24.285" endtime="20210510 13:58:24.286"/>
</kw>
<status status="PASS" starttime="20210510 13:58:24.283" endtime="20210510 13:58:24.287"/>
</kw>
<status status="PASS" starttime="20210510 13:58:24.113" endtime="20210510 13:58:24.287"/>
</kw>
<status status="PASS" starttime="20210510 13:58:24.099" endtime="20210510 13:58:24.287"/>
</test>
<test id="s1-s1-t3" name="Empty Title 3">
<kw name="Go To Classcreation Page" library="resource" type="SETUP">
<kw name="Go To" library="SeleniumLibrary">
<arg>${CREATE URL}</arg>
<doc>Navigates the current browser window to the provided ``url``.</doc>
<msg timestamp="20210510 13:58:24.288" level="INFO">Opening url 'http://localhost:7272/createClass.html'</msg>
<status status="PASS" starttime="20210510 13:58:24.288" endtime="20210510 13:58:24.297"/>
</kw>
<kw name="Classcreation Page Should Be Open" library="resource">
<kw name="Title Should Be" library="SeleniumLibrary">
<arg>Create class</arg>
<doc>Verifies that the current page title equals ``title``.</doc>
<msg timestamp="20210510 13:58:24.298" level="INFO">Page title is 'Create class'.</msg>
<status status="PASS" starttime="20210510 13:58:24.297" endtime="20210510 13:58:24.298"/>
</kw>
<status status="PASS" starttime="20210510 13:58:24.297" endtime="20210510 13:58:24.299"/>
</kw>
<status status="PASS" starttime="20210510 13:58:24.288" endtime="20210510 13:58:24.299"/>
</kw>
<kw name="Create Class With Invalid Credentials Should Fail">
<arg>${EMPTY}</arg>
<arg>text</arg>
<arg>1</arg>
<arg>3</arg>
<kw name="Input Title" library="resource">
<arg>${title}</arg>
<kw name="Input Text" library="SeleniumLibrary">
<arg>title_field</arg>
<arg>${title}</arg>
<doc>Types the given ``text`` into the text field identified by ``locator``.</doc>
<msg timestamp="20210510 13:58:24.300" level="INFO">Typing text '' into text field 'title_field'.</msg>
<status status="PASS" starttime="20210510 13:58:24.300" endtime="20210510 13:58:24.335"/>
</kw>
<status status="PASS" starttime="20210510 13:58:24.299" endtime="20210510 13:58:24.336"/>
</kw>
<kw name="Input Description" library="resource">
<arg>${description}</arg>
<kw name="Input Text" library="SeleniumLibrary">
<arg>description_field</arg>
<arg>${description}</arg>
<doc>Types the given ``text`` into the text field identified by ``locator``.</doc>
<msg timestamp="20210510 13:58:24.336" level="INFO">Typing text 'text' into text field 'description_field'.</msg>
<status status="PASS" starttime="20210510 13:58:24.336" endtime="20210510 13:58:24.370"/>
</kw>
<status status="PASS" starttime="20210510 13:58:24.336" endtime="20210510 13:58:24.370"/>
</kw>
<kw name="Select Difficulty" library="resource">
<arg>${difficulty}</arg>
<kw name="Select From List By Index" library="SeleniumLibrary">
<arg>xpath=//select[@id="difficulty_field"]</arg>
<arg>${difficulty}</arg>
<doc>Selects options from selection list ``locator`` by ``indexes``.</doc>
<msg timestamp="20210510 13:58:24.371" level="INFO">Selecting options from selection list 'xpath=//select[@id="difficulty_field"]' by index 1.</msg>
<status status="PASS" starttime="20210510 13:58:24.370" endtime="20210510 13:58:24.404"/>
</kw>
<status status="PASS" starttime="20210510 13:58:24.370" endtime="20210510 13:58:24.404"/>
</kw>
<kw name="Select Language" library="resource">
<arg>${language}</arg>
<kw name="Select From List By Index" library="SeleniumLibrary">
<arg>xpath=//select[@id="language_field"]</arg>
<arg>${language}</arg>
<doc>Selects options from selection list ``locator`` by ``indexes``.</doc>
<msg timestamp="20210510 13:58:24.404" level="INFO">Selecting options from selection list 'xpath=//select[@id="language_field"]' by index 3.</msg>
<status status="PASS" starttime="20210510 13:58:24.404" endtime="20210510 13:58:24.440"/>
</kw>
<status status="PASS" starttime="20210510 13:58:24.404" endtime="20210510 13:58:24.440"/>
</kw>
<kw name="Submit Creation" library="resource">
<kw name="Click Button" library="SeleniumLibrary">
<arg>submit_button</arg>
<doc>Clicks the button identified by ``locator``.</doc>
<msg timestamp="20210510 13:58:24.440" level="INFO">Clicking button 'submit_button'.</msg>
<status status="PASS" starttime="20210510 13:58:24.440" endtime="20210510 13:58:24.470"/>
</kw>
<status status="PASS" starttime="20210510 13:58:24.440" endtime="20210510 13:58:24.470"/>
</kw>
<kw name="Class Creation Should Have Failed">
<kw name="Location Should Be" library="SeleniumLibrary">
<arg>${CREATE ERROR URL}</arg>
<doc>Verifies that the current URL is exactly ``url``.</doc>
<msg timestamp="20210510 13:58:24.473" level="INFO">Current location is 'http://localhost:7272/classCreationError.html'.</msg>
<status status="PASS" starttime="20210510 13:58:24.470" endtime="20210510 13:58:24.473"/>
</kw>
<kw name="Title Should Be" library="SeleniumLibrary">
<arg>Error Page</arg>
<doc>Verifies that the current page title equals ``title``.</doc>
<msg timestamp="20210510 13:58:24.474" level="INFO">Page title is 'Error Page'.</msg>
<status status="PASS" starttime="20210510 13:58:24.473" endtime="20210510 13:58:24.474"/>
</kw>
<status status="PASS" starttime="20210510 13:58:24.470" endtime="20210510 13:58:24.475"/>
</kw>
<status status="PASS" starttime="20210510 13:58:24.299" endtime="20210510 13:58:24.475"/>
</kw>
<status status="PASS" starttime="20210510 13:58:24.287" endtime="20210510 13:58:24.475"/>
</test>
<test id="s1-s1-t4" name="Empty Title 4">
<kw name="Go To Classcreation Page" library="resource" type="SETUP">
<kw name="Go To" library="SeleniumLibrary">
<arg>${CREATE URL}</arg>
<doc>Navigates the current browser window to the provided ``url``.</doc>
<msg timestamp="20210510 13:58:24.476" level="INFO">Opening url 'http://localhost:7272/createClass.html'</msg>
<status status="PASS" starttime="20210510 13:58:24.476" endtime="20210510 13:58:24.486"/>
</kw>
<kw name="Classcreation Page Should Be Open" library="resource">
<kw name="Title Should Be" library="SeleniumLibrary">
<arg>Create class</arg>
<doc>Verifies that the current page title equals ``title``.</doc>
<msg timestamp="20210510 13:58:24.488" level="INFO">Page title is 'Create class'.</msg>
<status status="PASS" starttime="20210510 13:58:24.486" endtime="20210510 13:58:24.488"/>
</kw>
<status status="PASS" starttime="20210510 13:58:24.486" endtime="20210510 13:58:24.488"/>
</kw>
<status status="PASS" starttime="20210510 13:58:24.476" endtime="20210510 13:58:24.488"/>
</kw>
<kw name="Create Class With Invalid Credentials Should Fail">
<arg>${EMPTY}</arg>
<arg>text</arg>
<arg>2</arg>
<arg>2</arg>
<kw name="Input Title" library="resource">
<arg>${title}</arg>
<kw name="Input Text" library="SeleniumLibrary">
<arg>title_field</arg>
<arg>${title}</arg>
<doc>Types the given ``text`` into the text field identified by ``locator``.</doc>
<msg timestamp="20210510 13:58:24.489" level="INFO">Typing text '' into text field 'title_field'.</msg>
<status status="PASS" starttime="20210510 13:58:24.489" endtime="20210510 13:58:24.524"/>
</kw>
<status status="PASS" starttime="20210510 13:58:24.489" endtime="20210510 13:58:24.524"/>
</kw>
<kw name="Input Description" library="resource">
<arg>${description}</arg>
<kw name="Input Text" library="SeleniumLibrary">
<arg>description_field</arg>
<arg>${description}</arg>
<doc>Types the given ``text`` into the text field identified by ``locator``.</doc>
<msg timestamp="20210510 13:58:24.525" level="INFO">Typing text 'text' into text field 'description_field'.</msg>
<status status="PASS" starttime="20210510 13:58:24.525" endtime="20210510 13:58:24.561"/>
</kw>
<status status="PASS" starttime="20210510 13:58:24.524" endtime="20210510 13:58:24.561"/>
</kw>
<kw name="Select Difficulty" library="resource">
<arg>${difficulty}</arg>
<kw name="Select From List By Index" library="SeleniumLibrary">
<arg>xpath=//select[@id="difficulty_field"]</arg>
<arg>${difficulty}</arg>
<doc>Selects options from selection list ``locator`` by ``indexes``.</doc>
<msg timestamp="20210510 13:58:24.562" level="INFO">Selecting options from selection list 'xpath=//select[@id="difficulty_field"]' by index 2.</msg>
<status status="PASS" starttime="20210510 13:58:24.562" endtime="20210510 13:58:24.598"/>
</kw>
<status status="PASS" starttime="20210510 13:58:24.561" endtime="20210510 13:58:24.598"/>
</kw>
<kw name="Select Language" library="resource">
<arg>${language}</arg>
<kw name="Select From List By Index" library="SeleniumLibrary">
<arg>xpath=//select[@id="language_field"]</arg>
<arg>${language}</arg>
<doc>Selects options from selection list ``locator`` by ``indexes``.</doc>
<msg timestamp="20210510 13:58:24.598" level="INFO">Selecting options from selection list 'xpath=//select[@id="language_field"]' by index 2.</msg>
<status status="PASS" starttime="20210510 13:58:24.598" endtime="20210510 13:58:24.633"/>
</kw>
<status status="PASS" starttime="20210510 13:58:24.598" endtime="20210510 13:58:24.633"/>
</kw>
<kw name="Submit Creation" library="resource">
<kw name="Click Button" library="SeleniumLibrary">
<arg>submit_button</arg>
<doc>Clicks the button identified by ``locator``.</doc>
<msg timestamp="20210510 13:58:24.633" level="INFO">Clicking button 'submit_button'.</msg>
<status status="PASS" starttime="20210510 13:58:24.633" endtime="20210510 13:58:24.667"/>
</kw>
<status status="PASS" starttime="20210510 13:58:24.633" endtime="20210510 13:58:24.667"/>
</kw>
<kw name="Class Creation Should Have Failed">
<kw name="Location Should Be" library="SeleniumLibrary">
<arg>${CREATE ERROR URL}</arg>
<doc>Verifies that the current URL is exactly ``url``.</doc>
<msg timestamp="20210510 13:58:24.669" level="INFO">Current location is 'http://localhost:7272/classCreationError.html'.</msg>
<status status="PASS" starttime="20210510 13:58:24.667" endtime="20210510 13:58:24.669"/>
</kw>
<kw name="Title Should Be" library="SeleniumLibrary">
<arg>Error Page</arg>
<doc>Verifies that the current page title equals ``title``.</doc>
<msg timestamp="20210510 13:58:24.670" level="INFO">Page title is 'Error Page'.</msg>
<status status="PASS" starttime="20210510 13:58:24.669" endtime="20210510 13:58:24.670"/>
</kw>
<status status="PASS" starttime="20210510 13:58:24.667" endtime="20210510 13:58:24.670"/>
</kw>
<status status="PASS" starttime="20210510 13:58:24.488" endtime="20210510 13:58:24.670"/>
</kw>
<status status="PASS" starttime="20210510 13:58:24.475" endtime="20210510 13:58:24.671"/>
</test>
<test id="s1-s1-t5" name="Empty Title 5">
<kw name="Go To Classcreation Page" library="resource" type="SETUP">
<kw name="Go To" library="SeleniumLibrary">
<arg>${CREATE URL}</arg>
<doc>Navigates the current browser window to the provided ``url``.</doc>
<msg timestamp="20210510 13:58:24.672" level="INFO">Opening url 'http://localhost:7272/createClass.html'</msg>
<status status="PASS" starttime="20210510 13:58:24.672" endtime="20210510 13:58:24.681"/>
</kw>
<kw name="Classcreation Page Should Be Open" library="resource">
<kw name="Title Should Be" library="SeleniumLibrary">
<arg>Create class</arg>
<doc>Verifies that the current page title equals ``title``.</doc>
<msg timestamp="20210510 13:58:24.684" level="INFO">Page title is 'Create class'.</msg>
<status status="PASS" starttime="20210510 13:58:24.681" endtime="20210510 13:58:24.684"/>
</kw>
<status status="PASS" starttime="20210510 13:58:24.681" endtime="20210510 13:58:24.684"/>
</kw>
<status status="PASS" starttime="20210510 13:58:24.671" endtime="20210510 13:58:24.684"/>
</kw>
<kw name="Create Class With Invalid Credentials Should Fail">
<arg>${EMPTY}</arg>
<arg>text</arg>
<arg>2</arg>
<arg>3</arg>
<kw name="Input Title" library="resource">
<arg>${title}</arg>
<kw name="Input Text" library="SeleniumLibrary">
<arg>title_field</arg>
<arg>${title}</arg>
<doc>Types the given ``text`` into the text field identified by ``locator``.</doc>
<msg timestamp="20210510 13:58:24.685" level="INFO">Typing text '' into text field 'title_field'.</msg>
<status status="PASS" starttime="20210510 13:58:24.685" endtime="20210510 13:58:24.720"/>
</kw>
<status status="PASS" starttime="20210510 13:58:24.685" endtime="20210510 13:58:24.720"/>
</kw>
<kw name="Input Description" library="resource">
<arg>${description}</arg>
<kw name="Input Text" library="SeleniumLibrary">
<arg>description_field</arg>
<arg>${description}</arg>
<doc>Types the given ``text`` into the text field identified by ``locator``.</doc>
<msg timestamp="20210510 13:58:24.721" level="INFO">Typing text 'text' into text field 'description_field'.</msg>
<status status="PASS" starttime="20210510 13:58:24.721" endtime="20210510 13:58:24.757"/>
</kw>
<status status="PASS" starttime="20210510 13:58:24.720" endtime="20210510 13:58:24.757"/>
</kw>
<kw name="Select Difficulty" library="resource">
<arg>${difficulty}</arg>
<kw name="Select From List By Index" library="SeleniumLibrary">
<arg>xpath=//select[@id="difficulty_field"]</arg>
<arg>${difficulty}</arg>
<doc>Selects options from selection list ``locator`` by ``indexes``.</doc>
<msg timestamp="20210510 13:58:24.757" level="INFO">Selecting options from selection list 'xpath=//select[@id="difficulty_field"]' by index 2.</msg>
<status status="PASS" starttime="20210510 13:58:24.757" endtime="20210510 13:58:24.791"/>
</kw>
<status status="PASS" starttime="20210510 13:58:24.757" endtime="20210510 13:58:24.791"/>
</kw>
<kw name="Select Language" library="resource">
<arg>${language}</arg>
<kw name="Select From List By Index" library="SeleniumLibrary">
<arg>xpath=//select[@id="language_field"]</arg>
<arg>${language}</arg>
<doc>Selects options from selection list ``locator`` by ``indexes``.</doc>
<msg timestamp="20210510 13:58:24.792" level="INFO">Selecting options from selection list 'xpath=//select[@id="language_field"]' by index 3.</msg>
<status status="PASS" starttime="20210510 13:58:24.792" endtime="20210510 13:58:24.829"/>
</kw>
<status status="PASS" starttime="20210510 13:58:24.791" endtime="20210510 13:58:24.829"/>
</kw>
<kw name="Submit Creation" library="resource">
<kw name="Click Button" library="SeleniumLibrary">
<arg>submit_button</arg>
<doc>Clicks the button identified by ``locator``.</doc>
<msg timestamp="20210510 13:58:24.830" level="INFO">Clicking button 'submit_button'.</msg>
<status status="PASS" starttime="20210510 13:58:24.829" endtime="20210510 13:58:24.859"/>
</kw>
<status status="PASS" starttime="20210510 13:58:24.829" endtime="20210510 13:58:24.860"/>
</kw>
<kw name="Class Creation Should Have Failed">
<kw name="Location Should Be" library="SeleniumLibrary">
<arg>${CREATE ERROR URL}</arg>
<doc>Verifies that the current URL is exactly ``url``.</doc>
<msg timestamp="20210510 13:58:24.862" level="INFO">Current location is 'http://localhost:7272/classCreationError.html'.</msg>
<status status="PASS" starttime="20210510 13:58:24.860" endtime="20210510 13:58:24.862"/>
</kw>
<kw name="Title Should Be" library="SeleniumLibrary">
<arg>Error Page</arg>
<doc>Verifies that the current page title equals ``title``.</doc>
<msg timestamp="20210510 13:58:24.863" level="INFO">Page title is 'Error Page'.</msg>
<status status="PASS" starttime="20210510 13:58:24.862" endtime="20210510 13:58:24.863"/>
</kw>
<status status="PASS" starttime="20210510 13:58:24.860" endtime="20210510 13:58:24.863"/>
</kw>
<status status="PASS" starttime="20210510 13:58:24.684" endtime="20210510 13:58:24.863"/>
</kw>
<status status="PASS" starttime="20210510 13:58:24.671" endtime="20210510 13:58:24.864"/>
</test>
<test id="s1-s1-t6" name="Empty Title 6">
<kw name="Go To Classcreation Page" library="resource" type="SETUP">
<kw name="Go To" library="SeleniumLibrary">
<arg>${CREATE URL}</arg>
<doc>Navigates the current browser window to the provided ``url``.</doc>
<msg timestamp="20210510 13:58:24.865" level="INFO">Opening url 'http://localhost:7272/createClass.html'</msg>
<status status="PASS" starttime="20210510 13:58:24.864" endtime="20210510 13:58:24.873"/>
</kw>
<kw name="Classcreation Page Should Be Open" library="resource">
<kw name="Title Should Be" library="SeleniumLibrary">
<arg>Create class</arg>
<doc>Verifies that the current page title equals ``title``.</doc>
<msg timestamp="20210510 13:58:24.876" level="INFO">Page title is 'Create class'.</msg>
<status status="PASS" starttime="20210510 13:58:24.874" endtime="20210510 13:58:24.876"/>
</kw>
<status status="PASS" starttime="20210510 13:58:24.873" endtime="20210510 13:58:24.876"/>
</kw>
<status status="PASS" starttime="20210510 13:58:24.864" endtime="20210510 13:58:24.876"/>
</kw>
<kw name="Create Class With Invalid Credentials Should Fail">
<arg>${EMPTY}</arg>
<arg>text</arg>
<arg>3</arg>
<arg>3</arg>
<kw name="Input Title" library="resource">
<arg>${title}</arg>
<kw name="Input Text" library="SeleniumLibrary">
<arg>title_field</arg>
<arg>${title}</arg>
<doc>Types the given ``text`` into the text field identified by ``locator``.</doc>
<msg timestamp="20210510 13:58:24.877" level="INFO">Typing text '' into text field 'title_field'.</msg>
<status status="PASS" starttime="20210510 13:58:24.877" endtime="20210510 13:58:24.912"/>
</kw>
<status status="PASS" starttime="20210510 13:58:24.877" endtime="20210510 13:58:24.912"/>
</kw>
<kw name="Input Description" library="resource">
<arg>${description}</arg>
<kw name="Input Text" library="SeleniumLibrary">
<arg>description_field</arg>
<arg>${description}</arg>
<doc>Types the given ``text`` into the text field identified by ``locator``.</doc>
<msg timestamp="20210510 13:58:24.912" level="INFO">Typing text 'text' into text field 'description_field'.</msg>
<status status="PASS" starttime="20210510 13:58:24.912" endtime="20210510 13:58:24.947"/>
</kw>
<status status="PASS" starttime="20210510 13:58:24.912" endtime="20210510 13:58:24.947"/>
</kw>
<kw name="Select Difficulty" library="resource">
<arg>${difficulty}</arg>
<kw name="Select From List By Index" library="SeleniumLibrary">
<arg>xpath=//select[@id="difficulty_field"]</arg>
<arg>${difficulty}</arg>
<doc>Selects options from selection list ``locator`` by ``indexes``.</doc>
<msg timestamp="20210510 13:58:24.947" level="INFO">Selecting options from selection list 'xpath=//select[@id="difficulty_field"]' by index 3.</msg>
<status status="PASS" starttime="20210510 13:58:24.947" endtime="20210510 13:58:24.985"/>
</kw>
<status status="PASS" starttime="20210510 13:58:24.947" endtime="20210510 13:58:24.985"/>
</kw>
<kw name="Select Language" library="resource">
<arg>${language}</arg>
<kw name="Select From List By Index" library="SeleniumLibrary">
<arg>xpath=//select[@id="language_field"]</arg>
<arg>${language}</arg>
<doc>Selects options from selection list ``locator`` by ``indexes``.</doc>
<msg timestamp="20210510 13:58:24.986" level="INFO">Selecting options from selection list 'xpath=//select[@id="language_field"]' by index 3.</msg>
<status status="PASS" starttime="20210510 13:58:24.986" endtime="20210510 13:58:25.021"/>
</kw>
<status status="PASS" starttime="20210510 13:58:24.985" endtime="20210510 13:58:25.021"/>
</kw>
<kw name="Submit Creation" library="resource">
<kw name="Click Button" library="SeleniumLibrary">
<arg>submit_button</arg>
<doc>Clicks the button identified by ``locator``.</doc>
<msg timestamp="20210510 13:58:25.022" level="INFO">Clicking button 'submit_button'.</msg>
<status status="PASS" starttime="20210510 13:58:25.021" endtime="20210510 13:58:25.054"/>
</kw>
<status status="PASS" starttime="20210510 13:58:25.021" endtime="20210510 13:58:25.055"/>
</kw>
<kw name="Class Creation Should Have Failed">
<kw name="Location Should Be" library="SeleniumLibrary">
<arg>${CREATE ERROR URL}</arg>
<doc>Verifies that the current URL is exactly ``url``.</doc>
<msg timestamp="20210510 13:58:25.057" level="INFO">Current location is 'http://localhost:7272/classCreationError.html'.</msg>
<status status="PASS" starttime="20210510 13:58:25.055" endtime="20210510 13:58:25.057"/>
</kw>
<kw name="Title Should Be" library="SeleniumLibrary">
<arg>Error Page</arg>
<doc>Verifies that the current page title equals ``title``.</doc>
<msg timestamp="20210510 13:58:25.059" level="INFO">Page title is 'Error Page'.</msg>
<status status="PASS" starttime="20210510 13:58:25.057" endtime="20210510 13:58:25.059"/>
</kw>
<status status="PASS" starttime="20210510 13:58:25.055" endtime="20210510 13:58:25.059"/>
</kw>
<status status="PASS" starttime="20210510 13:58:24.876" endtime="20210510 13:58:25.059"/>
</kw>
<status status="PASS" starttime="20210510 13:58:24.864" endtime="20210510 13:58:25.059"/>
</test>
<test id="s1-s1-t7" name="Empty Description 1">
<kw name="Go To Classcreation Page" library="resource" type="SETUP">
<kw name="Go To" library="SeleniumLibrary">
<arg>${CREATE URL}</arg>
<doc>Navigates the current browser window to the provided ``url``.</doc>
<msg timestamp="20210510 13:58:25.061" level="INFO">Opening url 'http://localhost:7272/createClass.html'</msg>
<status status="PASS" starttime="20210510 13:58:25.060" endtime="20210510 13:58:25.073"/>
</kw>
<kw name="Classcreation Page Should Be Open" library="resource">
<kw name="Title Should Be" library="SeleniumLibrary">
<arg>Create class</arg>
<doc>Verifies that the current page title equals ``title``.</doc>
<msg timestamp="20210510 13:58:25.075" level="INFO">Page title is 'Create class'.</msg>
<status status="PASS" starttime="20210510 13:58:25.073" endtime="20210510 13:58:25.075"/>
</kw>
<status status="PASS" starttime="20210510 13:58:25.073" endtime="20210510 13:58:25.075"/>
</kw>
<status status="PASS" starttime="20210510 13:58:25.060" endtime="20210510 13:58:25.076"/>
</kw>
<kw name="Create Class With Invalid Credentials Should Fail">
<arg>text</arg>
<arg>${EMPTY}</arg>
<arg>1</arg>
<arg>1</arg>
<kw name="Input Title" library="resource">
<arg>${title}</arg>
<kw name="Input Text" library="SeleniumLibrary">
<arg>title_field</arg>
<arg>${title}</arg>
<doc>Types the given ``text`` into the text field identified by ``locator``.</doc>
<msg timestamp="20210510 13:58:25.077" level="INFO">Typing text 'text' into text field 'title_field'.</msg>
<status status="PASS" starttime="20210510 13:58:25.077" endtime="20210510 13:58:25.116"/>
</kw>
<status status="PASS" starttime="20210510 13:58:25.076" endtime="20210510 13:58:25.116"/>
</kw>
<kw name="Input Description" library="resource">
<arg>${description}</arg>
<kw name="Input Text" library="SeleniumLibrary">
<arg>description_field</arg>
<arg>${description}</arg>
<doc>Types the given ``text`` into the text field identified by ``locator``.</doc>
<msg timestamp="20210510 13:58:25.117" level="INFO">Typing text '' into text field 'description_field'.</msg>
<status status="PASS" starttime="20210510 13:58:25.117" endtime="20210510 13:58:25.150"/>
</kw>
<status status="PASS" starttime="20210510 13:58:25.116" endtime="20210510 13:58:25.151"/>
</kw>
<kw name="Select Difficulty" library="resource">
<arg>${difficulty}</arg>
<kw name="Select From List By Index" library="SeleniumLibrary">
<arg>xpath=//select[@id="difficulty_field"]</arg>
<arg>${difficulty}</arg>
<doc>Selects options from selection list ``locator`` by ``indexes``.</doc>
<msg timestamp="20210510 13:58:25.151" level="INFO">Selecting options from selection list 'xpath=//select[@id="difficulty_field"]' by index 1.</msg>
<status status="PASS" starttime="20210510 13:58:25.151" endtime="20210510 13:58:25.183"/>
</kw>
<status status="PASS" starttime="20210510 13:58:25.151" endtime="20210510 13:58:25.183"/>
</kw>
<kw name="Select Language" library="resource">
<arg>${language}</arg>
<kw name="Select From List By Index" library="SeleniumLibrary">
<arg>xpath=//select[@id="language_field"]</arg>
<arg>${language}</arg>
<doc>Selects options from selection list ``locator`` by ``indexes``.</doc>
<msg timestamp="20210510 13:58:25.184" level="INFO">Selecting options from selection list 'xpath=//select[@id="language_field"]' by index 1.</msg>
<status status="PASS" starttime="20210510 13:58:25.184" endtime="20210510 13:58:25.215"/>
</kw>
<status status="PASS" starttime="20210510 13:58:25.183" endtime="20210510 13:58:25.215"/>
</kw>
<kw name="Submit Creation" library="resource">
<kw name="Click Button" library="SeleniumLibrary">
<arg>submit_button</arg>
<doc>Clicks the button identified by ``locator``.</doc>
<msg timestamp="20210510 13:58:25.215" level="INFO">Clicking button 'submit_button'.</msg>
<status status="PASS" starttime="20210510 13:58:25.215" endtime="20210510 13:58:25.248"/>
</kw>
<status status="PASS" starttime="20210510 13:58:25.215" endtime="20210510 13:58:25.249"/>
</kw>
<kw name="Class Creation Should Have Failed">
<kw name="Location Should Be" library="SeleniumLibrary">
<arg>${CREATE ERROR URL}</arg>
<doc>Verifies that the current URL is exactly ``url``.</doc>
<msg timestamp="20210510 13:58:25.251" level="INFO">Current location is 'http://localhost:7272/classCreationError.html'.</msg>
<status status="PASS" starttime="20210510 13:58:25.249" endtime="20210510 13:58:25.251"/>
</kw>
<kw name="Title Should Be" library="SeleniumLibrary">
<arg>Error Page</arg>
<doc>Verifies that the current page title equals ``title``.</doc>
<msg timestamp="20210510 13:58:25.252" level="INFO">Page title is 'Error Page'.</msg>
<status status="PASS" starttime="20210510 13:58:25.251" endtime="20210510 13:58:25.252"/>
</kw>
<status status="PASS" starttime="20210510 13:58:25.249" endtime="20210510 13:58:25.252"/>
</kw>
<status status="PASS" starttime="20210510 13:58:25.076" endtime="20210510 13:58:25.253"/>
</kw>
<status status="PASS" starttime="20210510 13:58:25.060" endtime="20210510 13:58:25.253"/>
</test>
<test id="s1-s1-t8" name="Empty Description 2">
<kw name="Go To Classcreation Page" library="resource" type="SETUP">
<kw name="Go To" library="SeleniumLibrary">
<arg>${CREATE URL}</arg>
<doc>Navigates the current browser window to the provided ``url``.</doc>
<msg timestamp="20210510 13:58:25.254" level="INFO">Opening url 'http://localhost:7272/createClass.html'</msg>
<status status="PASS" starttime="20210510 13:58:25.254" endtime="20210510 13:58:25.263"/>
</kw>
<kw name="Classcreation Page Should Be Open" library="resource">
<kw name="Title Should Be" library="SeleniumLibrary">
<arg>Create class</arg>
<doc>Verifies that the current page title equals ``title``.</doc>
<msg timestamp="20210510 13:58:25.265" level="INFO">Page title is 'Create class'.</msg>
<status status="PASS" starttime="20210510 13:58:25.263" endtime="20210510 13:58:25.265"/>
</kw>
<status status="PASS" starttime="20210510 13:58:25.263" endtime="20210510 13:58:25.265"/>
</kw>
<status status="PASS" starttime="20210510 13:58:25.254" endtime="20210510 13:58:25.266"/>
</kw>
<kw name="Create Class With Invalid Credentials Should Fail">
<arg>text</arg>
<arg>${EMPTY}</arg>
<arg>1</arg>
<arg>2</arg>
<kw name="Input Title" library="resource">
<arg>${title}</arg>
<kw name="Input Text" library="SeleniumLibrary">
<arg>title_field</arg>
<arg>${title}</arg>
<doc>Types the given ``text`` into the text field identified by ``locator``.</doc>
<msg timestamp="20210510 13:58:25.267" level="INFO">Typing text 'text' into text field 'title_field'.</msg>
<status status="PASS" starttime="20210510 13:58:25.267" endtime="20210510 13:58:25.304"/>
</kw>
<status status="PASS" starttime="20210510 13:58:25.266" endtime="20210510 13:58:25.304"/>
</kw>
<kw name="Input Description" library="resource">
<arg>${description}</arg>
<kw name="Input Text" library="SeleniumLibrary">
<arg>description_field</arg>
<arg>${description}</arg>
<doc>Types the given ``text`` into the text field identified by ``locator``.</doc>
<msg timestamp="20210510 13:58:25.305" level="INFO">Typing text '' into text field 'description_field'.</msg>
<status status="PASS" starttime="20210510 13:58:25.305" endtime="20210510 13:58:25.337"/>
</kw>
<status status="PASS" starttime="20210510 13:58:25.304" endtime="20210510 13:58:25.338"/>
</kw>
<kw name="Select Difficulty" library="resource">
<arg>${difficulty}</arg>
<kw name="Select From List By Index" library="SeleniumLibrary">
<arg>xpath=//select[@id="difficulty_field"]</arg>
<arg>${difficulty}</arg>
<doc>Selects options from selection list ``locator`` by ``indexes``.</doc>
<msg timestamp="20210510 13:58:25.338" level="INFO">Selecting options from selection list 'xpath=//select[@id="difficulty_field"]' by index 1.</msg>
<status status="PASS" starttime="20210510 13:58:25.338" endtime="20210510 13:58:25.370"/>
</kw>
<status status="PASS" starttime="20210510 13:58:25.338" endtime="20210510 13:58:25.370"/>
</kw>
<kw name="Select Language" library="resource">
<arg>${language}</arg>
<kw name="Select From List By Index" library="SeleniumLibrary">
<arg>xpath=//select[@id="language_field"]</arg>
<arg>${language}</arg>
<doc>Selects options from selection list ``locator`` by ``indexes``.</doc>
<msg timestamp="20210510 13:58:25.370" level="INFO">Selecting options from selection list 'xpath=//select[@id="language_field"]' by index 2.</msg>
<status status="PASS" starttime="20210510 13:58:25.370" endtime="20210510 13:58:25.405"/>
</kw>
<status status="PASS" starttime="20210510 13:58:25.370" endtime="20210510 13:58:25.405"/>
</kw>
<kw name="Submit Creation" library="resource">
<kw name="Click Button" library="SeleniumLibrary">
<arg>submit_button</arg>
<doc>Clicks the button identified by ``locator``.</doc>
<msg timestamp="20210510 13:58:25.405" level="INFO">Clicking button 'submit_button'.</msg>
<status status="PASS" starttime="20210510 13:58:25.405" endtime="20210510 13:58:25.439"/>
</kw>
<status status="PASS" starttime="20210510 13:58:25.405" endtime="20210510 13:58:25.439"/>
</kw>
<kw name="Class Creation Should Have Failed">
<kw name="Location Should Be" library="SeleniumLibrary">
<arg>${CREATE ERROR URL}</arg>
<doc>Verifies that the current URL is exactly ``url``.</doc>
<msg timestamp="20210510 13:58:25.441" level="INFO">Current location is 'http://localhost:7272/classCreationError.html'.</msg>
<status status="PASS" starttime="20210510 13:58:25.439" endtime="20210510 13:58:25.441"/>
</kw>
<kw name="Title Should Be" library="SeleniumLibrary">
<arg>Error Page</arg>
<doc>Verifies that the current page title equals ``title``.</doc>
<msg timestamp="20210510 13:58:25.442" level="INFO">Page title is 'Error Page'.</msg>
<status status="PASS" starttime="20210510 13:58:25.441" endtime="20210510 13:58:25.442"/>
</kw>
<status status="PASS" starttime="20210510 13:58:25.439" endtime="20210510 13:58:25.443"/>
</kw>
<status status="PASS" starttime="20210510 13:58:25.266" endtime="20210510 13:58:25.443"/>
</kw>
<status status="PASS" starttime="20210510 13:58:25.253" endtime="20210510 13:58:25.443"/>
</test>
<test id="s1-s1-t9" name="Empty Description 3">
<kw name="Go To Classcreation Page" library="resource" type="SETUP">
<kw name="Go To" library="SeleniumLibrary">
<arg>${CREATE URL}</arg>
<doc>Navigates the current browser window to the provided ``url``.</doc>
<msg timestamp="20210510 13:58:25.444" level="INFO">Opening url 'http://localhost:7272/createClass.html'</msg>
<status status="PASS" starttime="20210510 13:58:25.444" endtime="20210510 13:58:25.456"/>
</kw>
<kw name="Classcreation Page Should Be Open" library="resource">
<kw name="Title Should Be" library="SeleniumLibrary">
<arg>Create class</arg>
<doc>Verifies that the current page title equals ``title``.</doc>
<msg timestamp="20210510 13:58:25.458" level="INFO">Page title is 'Create class'.</msg>
<status status="PASS" starttime="20210510 13:58:25.456" endtime="20210510 13:58:25.458"/>
</kw>
<status status="PASS" starttime="20210510 13:58:25.456" endtime="20210510 13:58:25.458"/>
</kw>
<status status="PASS" starttime="20210510 13:58:25.444" endtime="20210510 13:58:25.458"/>
</kw>
<kw name="Create Class With Invalid Credentials Should Fail">
<arg>text</arg>
<arg>${EMPTY}</arg>
<arg>1</arg>
<arg>3</arg>
<kw name="Input Title" library="resource">
<arg>${title}</arg>
<kw name="Input Text" library="SeleniumLibrary">
<arg>title_field</arg>
<arg>${title}</arg>
<doc>Types the given ``text`` into the text field identified by ``locator``.</doc>
<msg timestamp="20210510 13:58:25.460" level="INFO">Typing text 'text' into text field 'title_field'.</msg>
<status status="PASS" starttime="20210510 13:58:25.459" endtime="20210510 13:58:25.496"/>
</kw>
<status status="PASS" starttime="20210510 13:58:25.459" endtime="20210510 13:58:25.497"/>
</kw>
<kw name="Input Description" library="resource">
<arg>${description}</arg>
<kw name="Input Text" library="SeleniumLibrary">
<arg>description_field</arg>
<arg>${description}</arg>
<doc>Types the given ``text`` into the text field identified by ``locator``.</doc>
<msg timestamp="20210510 13:58:25.497" level="INFO">Typing text '' into text field 'description_field'.</msg>
<status status="PASS" starttime="20210510 13:58:25.497" endtime="20210510 13:58:25.530"/>
</kw>
<status status="PASS" starttime="20210510 13:58:25.497" endtime="20210510 13:58:25.531"/>
</kw>
<kw name="Select Difficulty" library="resource">
<arg>${difficulty}</arg>
<kw name="Select From List By Index" library="SeleniumLibrary">
<arg>xpath=//select[@id="difficulty_field"]</arg>
<arg>${difficulty}</arg>
<doc>Selects options from selection list ``locator`` by ``indexes``.</doc>
<msg timestamp="20210510 13:58:25.531" level="INFO">Selecting options from selection list 'xpath=//select[@id="difficulty_field"]' by index 1.</msg>
<status status="PASS" starttime="20210510 13:58:25.531" endtime="20210510 13:58:25.564"/>
</kw>
<status status="PASS" starttime="20210510 13:58:25.531" endtime="20210510 13:58:25.564"/>
</kw>
<kw name="Select Language" library="resource">
<arg>${language}</arg>
<kw name="Select From List By Index" library="SeleniumLibrary">
<arg>xpath=//select[@id="language_field"]</arg>
<arg>${language}</arg>
<doc>Selects options from selection list ``locator`` by ``indexes``.</doc>
<msg timestamp="20210510 13:58:25.565" level="INFO">Selecting options from selection list 'xpath=//select[@id="language_field"]' by index 3.</msg>
<status status="PASS" starttime="20210510 13:58:25.564" endtime="20210510 13:58:25.600"/>
</kw>
<status status="PASS" starttime="20210510 13:58:25.564" endtime="20210510 13:58:25.600"/>
</kw>
<kw name="Submit Creation" library="resource">
<kw name="Click Button" library="SeleniumLibrary">
<arg>submit_button</arg>
<doc>Clicks the button identified by ``locator``.</doc>
<msg timestamp="20210510 13:58:25.600" level="INFO">Clicking button 'submit_button'.</msg>
<status status="PASS" starttime="20210510 13:58:25.600" endtime="20210510 13:58:25.631"/>
</kw>
<status status="PASS" starttime="20210510 13:58:25.600" endtime="20210510 13:58:25.631"/>
</kw>
<kw name="Class Creation Should Have Failed">
<kw name="Location Should Be" library="SeleniumLibrary">
<arg>${CREATE ERROR URL}</arg>
<doc>Verifies that the current URL is exactly ``url``.</doc>
<msg timestamp="20210510 13:58:25.633" level="INFO">Current location is 'http://localhost:7272/classCreationError.html'.</msg>
<status status="PASS" starttime="20210510 13:58:25.631" endtime="20210510 13:58:25.633"/>
</kw>
<kw name="Title Should Be" library="SeleniumLibrary">
<arg>Error Page</arg>
<doc>Verifies that the current page title equals ``title``.</doc>
<msg timestamp="20210510 13:58:25.634" level="INFO">Page title is 'Error Page'.</msg>
<status status="PASS" starttime="20210510 13:58:25.633" endtime="20210510 13:58:25.635"/>
</kw>
<status status="PASS" starttime="20210510 13:58:25.631" endtime="20210510 13:58:25.635"/>
</kw>
<status status="PASS" starttime="20210510 13:58:25.459" endtime="20210510 13:58:25.635"/>
</kw>
<status status="PASS" starttime="20210510 13:58:25.443" endtime="20210510 13:58:25.635"/>
</test>
<test id="s1-s1-t10" name="Empty Description 4">
<kw name="Go To Classcreation Page" library="resource" type="SETUP">
<kw name="Go To" library="SeleniumLibrary">
<arg>${CREATE URL}</arg>
<doc>Navigates the current browser window to the provided ``url``.</doc>
<msg timestamp="20210510 13:58:25.636" level="INFO">Opening url 'http://localhost:7272/createClass.html'</msg>
<status status="PASS" starttime="20210510 13:58:25.636" endtime="20210510 13:58:25.648"/>
</kw>
<kw name="Classcreation Page Should Be Open" library="resource">
<kw name="Title Should Be" library="SeleniumLibrary">
<arg>Create class</arg>
<doc>Verifies that the current page title equals ``title``.</doc>
<msg timestamp="20210510 13:58:25.651" level="INFO">Page title is 'Create class'.</msg>
<status status="PASS" starttime="20210510 13:58:25.648" endtime="20210510 13:58:25.651"/>
</kw>
<status status="PASS" starttime="20210510 13:58:25.648" endtime="20210510 13:58:25.651"/>
</kw>
<status status="PASS" starttime="20210510 13:58:25.636" endtime="20210510 13:58:25.651"/>
</kw>
<kw name="Create Class With Invalid Credentials Should Fail">
<arg>text</arg>
<arg>${EMPTY}</arg>
<arg>2</arg>
<arg>2</arg>
<kw name="Input Title" library="resource">
<arg>${title}</arg>
<kw name="Input Text" library="SeleniumLibrary">
<arg>title_field</arg>
<arg>${title}</arg>
<doc>Types the given ``text`` into the text field identified by ``locator``.</doc>
<msg timestamp="20210510 13:58:25.652" level="INFO">Typing text 'text' into text field 'title_field'.</msg>
<status status="PASS" starttime="20210510 13:58:25.652" endtime="20210510 13:58:25.689"/>
</kw>
<status status="PASS" starttime="20210510 13:58:25.652" endtime="20210510 13:58:25.689"/>
</kw>
<kw name="Input Description" library="resource">
<arg>${description}</arg>
<kw name="Input Text" library="SeleniumLibrary">
<arg>description_field</arg>
<arg>${description}</arg>
<doc>Types the given ``text`` into the text field identified by ``locator``.</doc>
<msg timestamp="20210510 13:58:25.690" level="INFO">Typing text '' into text field 'description_field'.</msg>
<status status="PASS" starttime="20210510 13:58:25.690" endtime="20210510 13:58:25.723"/>
</kw>
<status status="PASS" starttime="20210510 13:58:25.689" endtime="20210510 13:58:25.723"/>
</kw>
<kw name="Select Difficulty" library="resource">
<arg>${difficulty}</arg>
<kw name="Select From List By Index" library="SeleniumLibrary">
<arg>xpath=//select[@id="difficulty_field"]</arg>
<arg>${difficulty}</arg>
<doc>Selects options from selection list ``locator`` by ``indexes``.</doc>
<msg timestamp="20210510 13:58:25.724" level="INFO">Selecting options from selection list 'xpath=//select[@id="difficulty_field"]' by index 2.</msg>
<status status="PASS" starttime="20210510 13:58:25.723" endtime="20210510 13:58:25.758"/>
</kw>
<status status="PASS" starttime="20210510 13:58:25.723" endtime="20210510 13:58:25.758"/>
</kw>
<kw name="Select Language" library="resource">
<arg>${language}</arg>
<kw name="Select From List By Index" library="SeleniumLibrary">
<arg>xpath=//select[@id="language_field"]</arg>
<arg>${language}</arg>
<doc>Selects options from selection list ``locator`` by ``indexes``.</doc>
<msg timestamp="20210510 13:58:25.758" level="INFO">Selecting options from selection list 'xpath=//select[@id="language_field"]' by index 2.</msg>
<status status="PASS" starttime="20210510 13:58:25.758" endtime="20210510 13:58:25.792"/>
</kw>
<status status="PASS" starttime="20210510 13:58:25.758" endtime="20210510 13:58:25.792"/>
</kw>
<kw name="Submit Creation" library="resource">
<kw name="Click Button" library="SeleniumLibrary">
<arg>submit_button</arg>
<doc>Clicks the button identified by ``locator``.</doc>
<msg timestamp="20210510 13:58:25.793" level="INFO">Clicking button 'submit_button'.</msg>
<status status="PASS" starttime="20210510 13:58:25.792" endtime="20210510 13:58:25.823"/>
</kw>
<status status="PASS" starttime="20210510 13:58:25.792" endtime="20210510 13:58:25.823"/>
</kw>
<kw name="Class Creation Should Have Failed">
<kw name="Location Should Be" library="SeleniumLibrary">
<arg>${CREATE ERROR URL}</arg>
<doc>Verifies that the current URL is exactly ``url``.</doc>
<msg timestamp="20210510 13:58:25.825" level="INFO">Current location is 'http://localhost:7272/classCreationError.html'.</msg>
<status status="PASS" starttime="20210510 13:58:25.823" endtime="20210510 13:58:25.825"/>
</kw>
<kw name="Title Should Be" library="SeleniumLibrary">
<arg>Error Page</arg>
<doc>Verifies that the current page title equals ``title``.</doc>
<msg timestamp="20210510 13:58:25.827" level="INFO">Page title is 'Error Page'.</msg>
<status status="PASS" starttime="20210510 13:58:25.826" endtime="20210510 13:58:25.827"/>
</kw>
<status status="PASS" starttime="20210510 13:58:25.823" endtime="20210510 13:58:25.827"/>
</kw>
<status status="PASS" starttime="20210510 13:58:25.651" endtime="20210510 13:58:25.827"/>
</kw>
<status status="PASS" starttime="20210510 13:58:25.636" endtime="20210510 13:58:25.827"/>
</test>
<test id="s1-s1-t11" name="Empty Description 5">
<kw name="Go To Classcreation Page" library="resource" type="SETUP">
<kw name="Go To" library="SeleniumLibrary">
<arg>${CREATE URL}</arg>
<doc>Navigates the current browser window to the provided ``url``.</doc>
<msg timestamp="20210510 13:58:25.829" level="INFO">Opening url 'http://localhost:7272/createClass.html'</msg>
<status status="PASS" starttime="20210510 13:58:25.828" endtime="20210510 13:58:25.838"/>
</kw>
<kw name="Classcreation Page Should Be Open" library="resource">
<kw name="Title Should Be" library="SeleniumLibrary">
<arg>Create class</arg>
<doc>Verifies that the current page title equals ``title``.</doc>
<msg timestamp="20210510 13:58:25.839" level="INFO">Page title is 'Create class'.</msg>
<status status="PASS" starttime="20210510 13:58:25.838" endtime="20210510 13:58:25.839"/>
</kw>
<status status="PASS" starttime="20210510 13:58:25.838" endtime="20210510 13:58:25.839"/>
</kw>
<status status="PASS" starttime="20210510 13:58:25.828" endtime="20210510 13:58:25.840"/>
</kw>
<kw name="Create Class With Invalid Credentials Should Fail">
<arg>text</arg>
<arg>${EMPTY}</arg>
<arg>2</arg>
<arg>3</arg>
<kw name="Input Title" library="resource">
<arg>${title}</arg>
<kw name="Input Text" library="SeleniumLibrary">
<arg>title_field</arg>
<arg>${title}</arg>
<doc>Types the given ``text`` into the text field identified by ``locator``.</doc>
<msg timestamp="20210510 13:58:25.841" level="INFO">Typing text 'text' into text field 'title_field'.</msg>
<status status="PASS" starttime="20210510 13:58:25.840" endtime="20210510 13:58:25.879"/>
</kw>
<status status="PASS" starttime="20210510 13:58:25.840" endtime="20210510 13:58:25.879"/>
</kw>
<kw name="Input Description" library="resource">
<arg>${description}</arg>
<kw name="Input Text" library="SeleniumLibrary">
<arg>description_field</arg>
<arg>${description}</arg>
<doc>Types the given ``text`` into the text field identified by ``locator``.</doc>
<msg timestamp="20210510 13:58:25.880" level="INFO">Typing text '' into text field 'description_field'.</msg>
<status status="PASS" starttime="20210510 13:58:25.880" endtime="20210510 13:58:25.913"/>
</kw>
<status status="PASS" starttime="20210510 13:58:25.879" endtime="20210510 13:58:25.913"/>
</kw>
<kw name="Select Difficulty" library="resource">
<arg>${difficulty}</arg>
<kw name="Select From List By Index" library="SeleniumLibrary">
<arg>xpath=//select[@id="difficulty_field"]</arg>
<arg>${difficulty}</arg>
<doc>Selects options from selection list ``locator`` by ``indexes``.</doc>
<msg timestamp="20210510 13:58:25.913" level="INFO">Selecting options from selection list 'xpath=//select[@id="difficulty_field"]' by index 2.</msg>
<status status="PASS" starttime="20210510 13:58:25.913" endtime="20210510 13:58:25.948"/>
</kw>
<status status="PASS" starttime="20210510 13:58:25.913" endtime="20210510 13:58:25.948"/>
</kw>
<kw name="Select Language" library="resource">
<arg>${language}</arg>
<kw name="Select From List By Index" library="SeleniumLibrary">
<arg>xpath=//select[@id="language_field"]</arg>
<arg>${language}</arg>
<doc>Selects options from selection list ``locator`` by ``indexes``.</doc>
<msg timestamp="20210510 13:58:25.948" level="INFO">Selecting options from selection list 'xpath=//select[@id="language_field"]' by index 3.</msg>
<status status="PASS" starttime="20210510 13:58:25.948" endtime="20210510 13:58:25.984"/>
</kw>
<status status="PASS" starttime="20210510 13:58:25.948" endtime="20210510 13:58:25.984"/>
</kw>
<kw name="Submit Creation" library="resource">
<kw name="Click Button" library="SeleniumLibrary">
<arg>submit_button</arg>
<doc>Clicks the button identified by ``locator``.</doc>
<msg timestamp="20210510 13:58:25.984" level="INFO">Clicking button 'submit_button'.</msg>
<status status="PASS" starttime="20210510 13:58:25.984" endtime="20210510 13:58:26.016"/>
</kw>
<status status="PASS" starttime="20210510 13:58:25.984" endtime="20210510 13:58:26.017"/>
</kw>
<kw name="Class Creation Should Have Failed">
<kw name="Location Should Be" library="SeleniumLibrary">
<arg>${CREATE ERROR URL}</arg>
<doc>Verifies that the current URL is exactly ``url``.</doc>
<msg timestamp="20210510 13:58:26.019" level="INFO">Current location is 'http://localhost:7272/classCreationError.html'.</msg>
<status status="PASS" starttime="20210510 13:58:26.017" endtime="20210510 13:58:26.019"/>
</kw>
<kw name="Title Should Be" library="SeleniumLibrary">
<arg>Error Page</arg>
<doc>Verifies that the current page title equals ``title``.</doc>
<msg timestamp="20210510 13:58:26.020" level="INFO">Page title is 'Error Page'.</msg>
<status status="PASS" starttime="20210510 13:58:26.019" endtime="20210510 13:58:26.020"/>
</kw>
<status status="PASS" starttime="20210510 13:58:26.017" endtime="20210510 13:58:26.020"/>
</kw>
<status status="PASS" starttime="20210510 13:58:25.840" endtime="20210510 13:58:26.021"/>
</kw>
<status status="PASS" starttime="20210510 13:58:25.828" endtime="20210510 13:58:26.021"/>
</test>
<test id="s1-s1-t12" name="Empty Description 6">
<kw name="Go To Classcreation Page" library="resource" type="SETUP">
<kw name="Go To" library="SeleniumLibrary">
<arg>${CREATE URL}</arg>
<doc>Navigates the current browser window to the provided ``url``.</doc>
<msg timestamp="20210510 13:58:26.022" level="INFO">Opening url 'http://localhost:7272/createClass.html'</msg>
<status status="PASS" starttime="20210510 13:58:26.022" endtime="20210510 13:58:26.031"/>
</kw>
<kw name="Classcreation Page Should Be Open" library="resource">
<kw name="Title Should Be" library="SeleniumLibrary">
<arg>Create class</arg>
<doc>Verifies that the current page title equals ``title``.</doc>
<msg timestamp="20210510 13:58:26.034" level="INFO">Page title is 'Create class'.</msg>
<status status="PASS" starttime="20210510 13:58:26.032" endtime="20210510 13:58:26.034"/>
</kw>
<status status="PASS" starttime="20210510 13:58:26.032" endtime="20210510 13:58:26.034"/>
</kw>
<status status="PASS" starttime="20210510 13:58:26.022" endtime="20210510 13:58:26.034"/>
</kw>
<kw name="Create Class With Invalid Credentials Should Fail">
<arg>text</arg>
<arg>${EMPTY}</arg>
<arg>3</arg>
<arg>3</arg>
<kw name="Input Title" library="resource">
<arg>${title}</arg>
<kw name="Input Text" library="SeleniumLibrary">
<arg>title_field</arg>
<arg>${title}</arg>
<doc>Types the given ``text`` into the text field identified by ``locator``.</doc>
<msg timestamp="20210510 13:58:26.036" level="INFO">Typing text 'text' into text field 'title_field'.</msg>
<status status="PASS" starttime="20210510 13:58:26.036" endtime="20210510 13:58:26.075"/>
</kw>
<status status="PASS" starttime="20210510 13:58:26.036" endtime="20210510 13:58:26.075"/>
</kw>
<kw name="Input Description" library="resource">
<arg>${description}</arg>
<kw name="Input Text" library="SeleniumLibrary">
<arg>description_field</arg>
<arg>${description}</arg>
<doc>Types the given ``text`` into the text field identified by ``locator``.</doc>
<msg timestamp="20210510 13:58:26.075" level="INFO">Typing text '' into text field 'description_field'.</msg>
<status status="PASS" starttime="20210510 13:58:26.075" endtime="20210510 13:58:26.111"/>
</kw>
<status status="PASS" starttime="20210510 13:58:26.075" endtime="20210510 13:58:26.111"/>
</kw>
<kw name="Select Difficulty" library="resource">
<arg>${difficulty}</arg>
<kw name="Select From List By Index" library="SeleniumLibrary">
<arg>xpath=//select[@id="difficulty_field"]</arg>
<arg>${difficulty}</arg>
<doc>Selects options from selection list ``locator`` by ``indexes``.</doc>
<msg timestamp="20210510 13:58:26.112" level="INFO">Selecting options from selection list 'xpath=//select[@id="difficulty_field"]' by index 3.</msg>
<status status="PASS" starttime="20210510 13:58:26.111" endtime="20210510 13:58:26.151"/>
</kw>
<status status="PASS" starttime="20210510 13:58:26.111" endtime="20210510 13:58:26.152"/>
</kw>
<kw name="Select Language" library="resource">
<arg>${language}</arg>
<kw name="Select From List By Index" library="SeleniumLibrary">
<arg>xpath=//select[@id="language_field"]</arg>
<arg>${language}</arg>
<doc>Selects options from selection list ``locator`` by ``indexes``.</doc>
<msg timestamp="20210510 13:58:26.152" level="INFO">Selecting options from selection list 'xpath=//select[@id="language_field"]' by index 3.</msg>
<status status="PASS" starttime="20210510 13:58:26.152" endtime="20210510 13:58:26.190"/>
</kw>
<status status="PASS" starttime="20210510 13:58:26.152" endtime="20210510 13:58:26.190"/>
</kw>
<kw name="Submit Creation" library="resource">
<kw name="Click Button" library="SeleniumLibrary">
<arg>submit_button</arg>
<doc>Clicks the button identified by ``locator``.</doc>
<msg timestamp="20210510 13:58:26.190" level="INFO">Clicking button 'submit_button'.</msg>
<status status="PASS" starttime="20210510 13:58:26.190" endtime="20210510 13:58:26.224"/>
</kw>
<status status="PASS" starttime="20210510 13:58:26.190" endtime="20210510 13:58:26.224"/>
</kw>
<kw name="Class Creation Should Have Failed">
<kw name="Location Should Be" library="SeleniumLibrary">
<arg>${CREATE ERROR URL}</arg>
<doc>Verifies that the current URL is exactly ``url``.</doc>
<msg timestamp="20210510 13:58:26.226" level="INFO">Current location is 'http://localhost:7272/classCreationError.html'.</msg>
<status status="PASS" starttime="20210510 13:58:26.224" endtime="20210510 13:58:26.226"/>
</kw>
<kw name="Title Should Be" library="SeleniumLibrary">
<arg>Error Page</arg>
<doc>Verifies that the current page title equals ``title``.</doc>
<msg timestamp="20210510 13:58:26.227" level="INFO">Page title is 'Error Page'.</msg>
<status status="PASS" starttime="20210510 13:58:26.226" endtime="20210510 13:58:26.228"/>
</kw>
<status status="PASS" starttime="20210510 13:58:26.224" endtime="20210510 13:58:26.228"/>
</kw>
<status status="PASS" starttime="20210510 13:58:26.035" endtime="20210510 13:58:26.228"/>
</kw>
<status status="PASS" starttime="20210510 13:58:26.022" endtime="20210510 13:58:26.228"/>
</test>
<test id="s1-s1-t13" name="Empty Difficulty 1">
<kw name="Go To Classcreation Page" library="resource" type="SETUP">
<kw name="Go To" library="SeleniumLibrary">
<arg>${CREATE URL}</arg>
<doc>Navigates the current browser window to the provided ``url``.</doc>
<msg timestamp="20210510 13:58:26.229" level="INFO">Opening url 'http://localhost:7272/createClass.html'</msg>
<status status="PASS" starttime="20210510 13:58:26.229" endtime="20210510 13:58:26.239"/>
</kw>
<kw name="Classcreation Page Should Be Open" library="resource">
<kw name="Title Should Be" library="SeleniumLibrary">
<arg>Create class</arg>
<doc>Verifies that the current page title equals ``title``.</doc>
<msg timestamp="20210510 13:58:26.242" level="INFO">Page title is 'Create class'.</msg>
<status status="PASS" starttime="20210510 13:58:26.240" endtime="20210510 13:58:26.242"/>
</kw>
<status status="PASS" starttime="20210510 13:58:26.239" endtime="20210510 13:58:26.242"/>
</kw>
<status status="PASS" starttime="20210510 13:58:26.229" endtime="20210510 13:58:26.243"/>
</kw>
<kw name="Create Class With Invalid Credentials Should Fail">
<arg>text</arg>
<arg>text</arg>
<arg>0</arg>
<arg>1</arg>
<kw name="Input Title" library="resource">
<arg>${title}</arg>
<kw name="Input Text" library="SeleniumLibrary">
<arg>title_field</arg>
<arg>${title}</arg>
<doc>Types the given ``text`` into the text field identified by ``locator``.</doc>
<msg timestamp="20210510 13:58:26.243" level="INFO">Typing text 'text' into text field 'title_field'.</msg>
<status status="PASS" starttime="20210510 13:58:26.243" endtime="20210510 13:58:26.281"/>
</kw>
<status status="PASS" starttime="20210510 13:58:26.243" endtime="20210510 13:58:26.281"/>
</kw>
<kw name="Input Description" library="resource">
<arg>${description}</arg>
<kw name="Input Text" library="SeleniumLibrary">
<arg>description_field</arg>
<arg>${description}</arg>
<doc>Types the given ``text`` into the text field identified by ``locator``.</doc>
<msg timestamp="20210510 13:58:26.282" level="INFO">Typing text 'text' into text field 'description_field'.</msg>
<status status="PASS" starttime="20210510 13:58:26.282" endtime="20210510 13:58:26.317"/>
</kw>
<status status="PASS" starttime="20210510 13:58:26.281" endtime="20210510 13:58:26.317"/>
</kw>
<kw name="Select Difficulty" library="resource">
<arg>${difficulty}</arg>
<kw name="Select From List By Index" library="SeleniumLibrary">
<arg>xpath=//select[@id="difficulty_field"]</arg>
<arg>${difficulty}</arg>
<doc>Selects options from selection list ``locator`` by ``indexes``.</doc>
<msg timestamp="20210510 13:58:26.318" level="INFO">Selecting options from selection list 'xpath=//select[@id="difficulty_field"]' by index 0.</msg>
<status status="PASS" starttime="20210510 13:58:26.317" endtime="20210510 13:58:26.336"/>
</kw>
<status status="PASS" starttime="20210510 13:58:26.317" endtime="20210510 13:58:26.336"/>
</kw>
<kw name="Select Language" library="resource">
<arg>${language}</arg>
<kw name="Select From List By Index" library="SeleniumLibrary">
<arg>xpath=//select[@id="language_field"]</arg>
<arg>${language}</arg>
<doc>Selects options from selection list ``locator`` by ``indexes``.</doc>
<msg timestamp="20210510 13:58:26.337" level="INFO">Selecting options from selection list 'xpath=//select[@id="language_field"]' by index 1.</msg>
<status status="PASS" starttime="20210510 13:58:26.337" endtime="20210510 13:58:26.369"/>
</kw>
<status status="PASS" starttime="20210510 13:58:26.337" endtime="20210510 13:58:26.369"/>
</kw>
<kw name="Submit Creation" library="resource">
<kw name="Click Button" library="SeleniumLibrary">
<arg>submit_button</arg>
<doc>Clicks the button identified by ``locator``.</doc>
<msg timestamp="20210510 13:58:26.369" level="INFO">Clicking button 'submit_button'.</msg>
<status status="PASS" starttime="20210510 13:58:26.369" endtime="20210510 13:58:26.400"/>
</kw>
<status status="PASS" starttime="20210510 13:58:26.369" endtime="20210510 13:58:26.400"/>
</kw>
<kw name="Class Creation Should Have Failed">
<kw name="Location Should Be" library="SeleniumLibrary">
<arg>${CREATE ERROR URL}</arg>
<doc>Verifies that the current URL is exactly ``url``.</doc>
<msg timestamp="20210510 13:58:26.402" level="INFO">Current location is 'http://localhost:7272/classCreationError.html'.</msg>
<status status="PASS" starttime="20210510 13:58:26.400" endtime="20210510 13:58:26.402"/>
</kw>
<kw name="Title Should Be" library="SeleniumLibrary">
<arg>Error Page</arg>
<doc>Verifies that the current page title equals ``title``.</doc>
<msg timestamp="20210510 13:58:26.403" level="INFO">Page title is 'Error Page'.</msg>
<status status="PASS" starttime="20210510 13:58:26.402" endtime="20210510 13:58:26.403"/>
</kw>
<status status="PASS" starttime="20210510 13:58:26.400" endtime="20210510 13:58:26.403"/>
</kw>
<status status="PASS" starttime="20210510 13:58:26.243" endtime="20210510 13:58:26.403"/>
</kw>
<status status="PASS" starttime="20210510 13:58:26.229" endtime="20210510 13:58:26.404"/>
</test>
<test id="s1-s1-t14" name="Empty Difficulty 2">
<kw name="Go To Classcreation Page" library="resource" type="SETUP">
<kw name="Go To" library="SeleniumLibrary">
<arg>${CREATE URL}</arg>
<doc>Navigates the current browser window to the provided ``url``.</doc>
<msg timestamp="20210510 13:58:26.405" level="INFO">Opening url 'http://localhost:7272/createClass.html'</msg>
<status status="PASS" starttime="20210510 13:58:26.405" endtime="20210510 13:58:26.414"/>
</kw>
<kw name="Classcreation Page Should Be Open" library="resource">
<kw name="Title Should Be" library="SeleniumLibrary">
<arg>Create class</arg>
<doc>Verifies that the current page title equals ``title``.</doc>
<msg timestamp="20210510 13:58:26.416" level="INFO">Page title is 'Create class'.</msg>
<status status="PASS" starttime="20210510 13:58:26.414" endtime="20210510 13:58:26.416"/>
</kw>
<status status="PASS" starttime="20210510 13:58:26.414" endtime="20210510 13:58:26.416"/>
</kw>
<status status="PASS" starttime="20210510 13:58:26.405" endtime="20210510 13:58:26.416"/>
</kw>
<kw name="Create Class With Invalid Credentials Should Fail">
<arg>text</arg>
<arg>text</arg>
<arg>0</arg>
<arg>2</arg>
<kw name="Input Title" library="resource">
<arg>${title}</arg>
<kw name="Input Text" library="SeleniumLibrary">
<arg>title_field</arg>
<arg>${title}</arg>
<doc>Types the given ``text`` into the text field identified by ``locator``.</doc>
<msg timestamp="20210510 13:58:26.417" level="INFO">Typing text 'text' into text field 'title_field'.</msg>
<status status="PASS" starttime="20210510 13:58:26.417" endtime="20210510 13:58:26.456"/>
</kw>
<status status="PASS" starttime="20210510 13:58:26.417" endtime="20210510 13:58:26.456"/>
</kw>
<kw name="Input Description" library="resource">
<arg>${description}</arg>
<kw name="Input Text" library="SeleniumLibrary">
<arg>description_field</arg>
<arg>${description}</arg>
<doc>Types the given ``text`` into the text field identified by ``locator``.</doc>
<msg timestamp="20210510 13:58:26.457" level="INFO">Typing text 'text' into text field 'description_field'.</msg>
<status status="PASS" starttime="20210510 13:58:26.456" endtime="20210510 13:58:26.491"/>
</kw>
<status status="PASS" starttime="20210510 13:58:26.456" endtime="20210510 13:58:26.491"/>
</kw>
<kw name="Select Difficulty" library="resource">
<arg>${difficulty}</arg>
<kw name="Select From List By Index" library="SeleniumLibrary">
<arg>xpath=//select[@id="difficulty_field"]</arg>
<arg>${difficulty}</arg>
<doc>Selects options from selection list ``locator`` by ``indexes``.</doc>
<msg timestamp="20210510 13:58:26.492" level="INFO">Selecting options from selection list 'xpath=//select[@id="difficulty_field"]' by index 0.</msg>
<status status="PASS" starttime="20210510 13:58:26.491" endtime="20210510 13:58:26.512"/>
</kw>
<status status="PASS" starttime="20210510 13:58:26.491" endtime="20210510 13:58:26.512"/>
</kw>
<kw name="Select Language" library="resource">
<arg>${language}</arg>
<kw name="Select From List By Index" library="SeleniumLibrary">
<arg>xpath=//select[@id="language_field"]</arg>
<arg>${language}</arg>
<doc>Selects options from selection list ``locator`` by ``indexes``.</doc>
<msg timestamp="20210510 13:58:26.512" level="INFO">Selecting options from selection list 'xpath=//select[@id="language_field"]' by index 2.</msg>
<status status="PASS" starttime="20210510 13:58:26.512" endtime="20210510 13:58:26.546"/>
</kw>
<status status="PASS" starttime="20210510 13:58:26.512" endtime="20210510 13:58:26.546"/>
</kw>
<kw name="Submit Creation" library="resource">
<kw name="Click Button" library="SeleniumLibrary">
<arg>submit_button</arg>
<doc>Clicks the button identified by ``locator``.</doc>
<msg timestamp="20210510 13:58:26.547" level="INFO">Clicking button 'submit_button'.</msg>
<status status="PASS" starttime="20210510 13:58:26.547" endtime="20210510 13:58:26.580"/>
</kw>
<status status="PASS" starttime="20210510 13:58:26.546" endtime="20210510 13:58:26.580"/>
</kw>
<kw name="Class Creation Should Have Failed">
<kw name="Location Should Be" library="SeleniumLibrary">
<arg>${CREATE ERROR URL}</arg>
<doc>Verifies that the current URL is exactly ``url``.</doc>
<msg timestamp="20210510 13:58:26.583" level="INFO">Current location is 'http://localhost:7272/classCreationError.html'.</msg>
<status status="PASS" starttime="20210510 13:58:26.581" endtime="20210510 13:58:26.583"/>
</kw>
<kw name="Title Should Be" library="SeleniumLibrary">
<arg>Error Page</arg>
<doc>Verifies that the current page title equals ``title``.</doc>
<msg timestamp="20210510 13:58:26.585" level="INFO">Page title is 'Error Page'.</msg>
<status status="PASS" starttime="20210510 13:58:26.583" endtime="20210510 13:58:26.585"/>
</kw>
<status status="PASS" starttime="20210510 13:58:26.580" endtime="20210510 13:58:26.585"/>
</kw>
<status status="PASS" starttime="20210510 13:58:26.417" endtime="20210510 13:58:26.585"/>
</kw>
<status status="PASS" starttime="20210510 13:58:26.404" endtime="20210510 13:58:26.585"/>
</test>
<test id="s1-s1-t15" name="Empty Difficulty 3">
<kw name="Go To Classcreation Page" library="resource" type="SETUP">
<kw name="Go To" library="SeleniumLibrary">
<arg>${CREATE URL}</arg>
<doc>Navigates the current browser window to the provided ``url``.</doc>
<msg timestamp="20210510 13:58:26.587" level="INFO">Opening url 'http://localhost:7272/createClass.html'</msg>
<status status="PASS" starttime="20210510 13:58:26.587" endtime="20210510 13:58:26.596"/>
</kw>
<kw name="Classcreation Page Should Be Open" library="resource">
<kw name="Title Should Be" library="SeleniumLibrary">
<arg>Create class</arg>
<doc>Verifies that the current page title equals ``title``.</doc>
<msg timestamp="20210510 13:58:26.598" level="INFO">Page title is 'Create class'.</msg>
<status status="PASS" starttime="20210510 13:58:26.597" endtime="20210510 13:58:26.598"/>
</kw>
<status status="PASS" starttime="20210510 13:58:26.597" endtime="20210510 13:58:26.598"/>
</kw>
<status status="PASS" starttime="20210510 13:58:26.586" endtime="20210510 13:58:26.599"/>
</kw>
<kw name="Create Class With Invalid Credentials Should Fail">
<arg>text</arg>
<arg>text</arg>
<arg>0</arg>
<arg>3</arg>
<kw name="Input Title" library="resource">
<arg>${title}</arg>
<kw name="Input Text" library="SeleniumLibrary">
<arg>title_field</arg>
<arg>${title}</arg>
<doc>Types the given ``text`` into the text field identified by ``locator``.</doc>
<msg timestamp="20210510 13:58:26.599" level="INFO">Typing text 'text' into text field 'title_field'.</msg>
<status status="PASS" starttime="20210510 13:58:26.599" endtime="20210510 13:58:26.638"/>
</kw>
<status status="PASS" starttime="20210510 13:58:26.599" endtime="20210510 13:58:26.638"/>
</kw>
<kw name="Input Description" library="resource">
<arg>${description}</arg>
<kw name="Input Text" library="SeleniumLibrary">
<arg>description_field</arg>
<arg>${description}</arg>
<doc>Types the given ``text`` into the text field identified by ``locator``.</doc>
<msg timestamp="20210510 13:58:26.639" level="INFO">Typing text 'text' into text field 'description_field'.</msg>
<status status="PASS" starttime="20210510 13:58:26.639" endtime="20210510 13:58:26.674"/>
</kw>
<status status="PASS" starttime="20210510 13:58:26.638" endtime="20210510 13:58:26.674"/>
</kw>
<kw name="Select Difficulty" library="resource">
<arg>${difficulty}</arg>
<kw name="Select From List By Index" library="SeleniumLibrary">
<arg>xpath=//select[@id="difficulty_field"]</arg>
<arg>${difficulty}</arg>
<doc>Selects options from selection list ``locator`` by ``indexes``.</doc>
<msg timestamp="20210510 13:58:26.674" level="INFO">Selecting options from selection list 'xpath=//select[@id="difficulty_field"]' by index 0.</msg>
<status status="PASS" starttime="20210510 13:58:26.674" endtime="20210510 13:58:26.694"/>
</kw>
<status status="PASS" starttime="20210510 13:58:26.674" endtime="20210510 13:58:26.694"/>
</kw>
<kw name="Select Language" library="resource">
<arg>${language}</arg>
<kw name="Select From List By Index" library="SeleniumLibrary">
<arg>xpath=//select[@id="language_field"]</arg>
<arg>${language}</arg>
<doc>Selects options from selection list ``locator`` by ``indexes``.</doc>
<msg timestamp="20210510 13:58:26.695" level="INFO">Selecting options from selection list 'xpath=//select[@id="language_field"]' by index 3.</msg>
<status status="PASS" starttime="20210510 13:58:26.695" endtime="20210510 13:58:26.738"/>
</kw>
<status status="PASS" starttime="20210510 13:58:26.694" endtime="20210510 13:58:26.738"/>
</kw>
<kw name="Submit Creation" library="resource">
<kw name="Click Button" library="SeleniumLibrary">
<arg>submit_button</arg>
<doc>Clicks the button identified by ``locator``.</doc>
<msg timestamp="20210510 13:58:26.738" level="INFO">Clicking button 'submit_button'.</msg>
<status status="PASS" starttime="20210510 13:58:26.738" endtime="20210510 13:58:26.772"/>
</kw>
<status status="PASS" starttime="20210510 13:58:26.738" endtime="20210510 13:58:26.772"/>
</kw>
<kw name="Class Creation Should Have Failed">
<kw name="Location Should Be" library="SeleniumLibrary">
<arg>${CREATE ERROR URL}</arg>
<doc>Verifies that the current URL is exactly ``url``.</doc>
<msg timestamp="20210510 13:58:26.774" level="INFO">Current location is 'http://localhost:7272/classCreationError.html'.</msg>
<status status="PASS" starttime="20210510 13:58:26.772" endtime="20210510 13:58:26.774"/>
</kw>
<kw name="Title Should Be" library="SeleniumLibrary">
<arg>Error Page</arg>
<doc>Verifies that the current page title equals ``title``.</doc>
<msg timestamp="20210510 13:58:26.776" level="INFO">Page title is 'Error Page'.</msg>
<status status="PASS" starttime="20210510 13:58:26.774" endtime="20210510 13:58:26.776"/>
</kw>
<status status="PASS" starttime="20210510 13:58:26.772" endtime="20210510 13:58:26.776"/>
</kw>
<status status="PASS" starttime="20210510 13:58:26.599" endtime="20210510 13:58:26.776"/>
</kw>
<status status="PASS" starttime="20210510 13:58:26.586" endtime="20210510 13:58:26.777"/>
</test>
<test id="s1-s1-t16" name="Empty Language 1">
<kw name="Go To Classcreation Page" library="resource" type="SETUP">
<kw name="Go To" library="SeleniumLibrary">
<arg>${CREATE URL}</arg>
<doc>Navigates the current browser window to the provided ``url``.</doc>
<msg timestamp="20210510 13:58:26.778" level="INFO">Opening url 'http://localhost:7272/createClass.html'</msg>
<status status="PASS" starttime="20210510 13:58:26.778" endtime="20210510 13:58:26.792"/>
</kw>
<kw name="Classcreation Page Should Be Open" library="resource">
<kw name="Title Should Be" library="SeleniumLibrary">
<arg>Create class</arg>
<doc>Verifies that the current page title equals ``title``.</doc>
<msg timestamp="20210510 13:58:26.794" level="INFO">Page title is 'Create class'.</msg>
<status status="PASS" starttime="20210510 13:58:26.792" endtime="20210510 13:58:26.794"/>
</kw>
<status status="PASS" starttime="20210510 13:58:26.792" endtime="20210510 13:58:26.794"/>
</kw>
<status status="PASS" starttime="20210510 13:58:26.778" endtime="20210510 13:58:26.794"/>
</kw>
<kw name="Create Class With Invalid Credentials Should Fail">
<arg>text</arg>
<arg>text</arg>
<arg>1</arg>
<arg>0</arg>
<kw name="Input Title" library="resource">
<arg>${title}</arg>
<kw name="Input Text" library="SeleniumLibrary">
<arg>title_field</arg>
<arg>${title}</arg>
[...]
</kw>
<status status="PASS" starttime="20210510 13:58:36.976" endtime="20210510 13:58:37.013"/>
</kw>
<kw name="Input Description" library="resource">
<arg>${description}</arg>
<kw name="Input Text" library="SeleniumLibrary">
<arg>description_field</arg>
<arg>${description}</arg>
<doc>Types the given ``text`` into the text field identified by ``locator``.</doc>
<msg timestamp="20210510 13:58:37.013" level="INFO">Typing text 'text' into text field 'description_field'.</msg>
<status status="PASS" starttime="20210510 13:58:37.013" endtime="20210510 13:58:37.047"/>
</kw>
<status status="PASS" starttime="20210510 13:58:37.013" endtime="20210510 13:58:37.048"/>
</kw>
<kw name="Select Difficulty" library="resource">
<arg>${difficulty}</arg>
<kw name="Select From List By Index" library="SeleniumLibrary">
<arg>xpath=//select[@id="difficulty_field"]</arg>
<arg>${difficulty}</arg>
<doc>Selects options from selection list ``locator`` by ``indexes``.</doc>
<msg timestamp="20210510 13:58:37.048" level="INFO">Selecting options from selection list 'xpath=//select[@id="difficulty_field"]' by index 1.</msg>
<status status="PASS" starttime="20210510 13:58:37.048" endtime="20210510 13:58:37.081"/>
</kw>
<status status="PASS" starttime="20210510 13:58:37.048" endtime="20210510 13:58:37.081"/>
</kw>
<kw name="Select Language" library="resource">
<arg>${language}</arg>
<kw name="Select From List By Index" library="SeleniumLibrary">
<arg>xpath=//select[@id="language_field"]</arg>
<arg>${language}</arg>
<doc>Selects options from selection list ``locator`` by ``indexes``.</doc>
<msg timestamp="20210510 13:58:37.082" level="INFO">Selecting options from selection list 'xpath=//select[@id="language_field"]' by index 3.</msg>
<status status="PASS" starttime="20210510 13:58:37.081" endtime="20210510 13:58:37.117"/>
</kw>
<status status="PASS" starttime="20210510 13:58:37.081" endtime="20210510 13:58:37.117"/>
</kw>
<kw name="Submit Creation" library="resource">
<kw name="Click Button" library="SeleniumLibrary">
<arg>submit_button</arg>
<doc>Clicks the button identified by ``locator``.</doc>
<msg timestamp="20210510 13:58:37.118" level="INFO">Clicking button 'submit_button'.</msg>
<status status="PASS" starttime="20210510 13:58:37.117" endtime="20210510 13:58:37.147"/>
</kw>
<status status="PASS" starttime="20210510 13:58:37.117" endtime="20210510 13:58:37.147"/>
</kw>
<kw name="Class Creation Should Have Successed">
<kw name="Location Should Be" library="SeleniumLibrary">
<arg>${CREATED URL}</arg>
<doc>Verifies that the current URL is exactly ``url``.</doc>
<msg timestamp="20210510 13:58:37.150" level="INFO">Current location is 'http://localhost:7272/classCreated.html'.</msg>
<status status="PASS" starttime="20210510 13:58:37.147" endtime="20210510 13:58:37.150"/>
</kw>
<kw name="Title Should Be" library="SeleniumLibrary">
<arg>Result Page</arg>
<doc>Verifies that the current page title equals ``title``.</doc>
<msg timestamp="20210510 13:58:37.151" level="INFO">Page title is 'Result Page'.</msg>
<status status="PASS" starttime="20210510 13:58:37.150" endtime="20210510 13:58:37.151"/>
</kw>
<status status="PASS" starttime="20210510 13:58:37.147" endtime="20210510 13:58:37.151"/>
</kw>
<status status="PASS" starttime="20210510 13:58:36.976" endtime="20210510 13:58:37.151"/>
</kw>
<status status="PASS" starttime="20210510 13:58:36.963" endtime="20210510 13:58:37.152"/>
</test>
<test id="s1-s2-t4" name="Input All 4">
<kw name="Go To Classcreation Page" library="resource" type="SETUP">
<kw name="Go To" library="SeleniumLibrary">
<arg>${CREATE URL}</arg>
<doc>Navigates the current browser window to the provided ``url``.</doc>
<msg timestamp="20210510 13:58:37.153" level="INFO">Opening url 'http://localhost:7272/createClass.html'</msg>
<status status="PASS" starttime="20210510 13:58:37.153" endtime="20210510 13:58:37.164"/>
</kw>
<kw name="Classcreation Page Should Be Open" library="resource">
<kw name="Title Should Be" library="SeleniumLibrary">
<arg>Create class</arg>
<doc>Verifies that the current page title equals ``title``.</doc>
<msg timestamp="20210510 13:58:37.165" level="INFO">Page title is 'Create class'.</msg>
<status status="PASS" starttime="20210510 13:58:37.164" endtime="20210510 13:58:37.166"/>
</kw>
<status status="PASS" starttime="20210510 13:58:37.164" endtime="20210510 13:58:37.166"/>
</kw>
<status status="PASS" starttime="20210510 13:58:37.153" endtime="20210510 13:58:37.166"/>
</kw>
<kw name="Create Class With valid Credentials Should Success">
<arg>text</arg>
<arg>text</arg>
<arg>2</arg>
<arg>2</arg>
<kw name="Input Title" library="resource">
<arg>${title}</arg>
<kw name="Input Text" library="SeleniumLibrary">
<arg>title_field</arg>
<arg>${title}</arg>
<doc>Types the given ``text`` into the text field identified by ``locator``.</doc>
<msg timestamp="20210510 13:58:37.167" level="INFO">Typing text 'text' into text field 'title_field'.</msg>
<status status="PASS" starttime="20210510 13:58:37.166" endtime="20210510 13:58:37.203"/>
</kw>
<status status="PASS" starttime="20210510 13:58:37.166" endtime="20210510 13:58:37.203"/>
</kw>
<kw name="Input Description" library="resource">
<arg>${description}</arg>
<kw name="Input Text" library="SeleniumLibrary">
<arg>description_field</arg>
<arg>${description}</arg>
<doc>Types the given ``text`` into the text field identified by ``locator``.</doc>
<msg timestamp="20210510 13:58:37.203" level="INFO">Typing text 'text' into text field 'description_field'.</msg>
<status status="PASS" starttime="20210510 13:58:37.203" endtime="20210510 13:58:37.238"/>
</kw>
<status status="PASS" starttime="20210510 13:58:37.203" endtime="20210510 13:58:37.238"/>
</kw>
<kw name="Select Difficulty" library="resource">
<arg>${difficulty}</arg>
<kw name="Select From List By Index" library="SeleniumLibrary">
<arg>xpath=//select[@id="difficulty_field"]</arg>
<arg>${difficulty}</arg>
<doc>Selects options from selection list ``locator`` by ``indexes``.</doc>
<msg timestamp="20210510 13:58:37.239" level="INFO">Selecting options from selection list 'xpath=//select[@id="difficulty_field"]' by index 2.</msg>
<status status="PASS" starttime="20210510 13:58:37.239" endtime="20210510 13:58:37.273"/>
</kw>
<status status="PASS" starttime="20210510 13:58:37.238" endtime="20210510 13:58:37.273"/>
</kw>
<kw name="Select Language" library="resource">
<arg>${language}</arg>
<kw name="Select From List By Index" library="SeleniumLibrary">
<arg>xpath=//select[@id="language_field"]</arg>
<arg>${language}</arg>
<doc>Selects options from selection list ``locator`` by ``indexes``.</doc>
<msg timestamp="20210510 13:58:37.273" level="INFO">Selecting options from selection list 'xpath=//select[@id="language_field"]' by index 2.</msg>
<status status="PASS" starttime="20210510 13:58:37.273" endtime="20210510 13:58:37.306"/>
</kw>
<status status="PASS" starttime="20210510 13:58:37.273" endtime="20210510 13:58:37.306"/>
</kw>
<kw name="Submit Creation" library="resource">
<kw name="Click Button" library="SeleniumLibrary">
<arg>submit_button</arg>
<doc>Clicks the button identified by ``locator``.</doc>
<msg timestamp="20210510 13:58:37.307" level="INFO">Clicking button 'submit_button'.</msg>
<status status="PASS" starttime="20210510 13:58:37.306" endtime="20210510 13:58:37.336"/>
</kw>
<status status="PASS" starttime="20210510 13:58:37.306" endtime="20210510 13:58:37.336"/>
</kw>
<kw name="Class Creation Should Have Successed">
<kw name="Location Should Be" library="SeleniumLibrary">
<arg>${CREATED URL}</arg>
<doc>Verifies that the current URL is exactly ``url``.</doc>
<msg timestamp="20210510 13:58:37.338" level="INFO">Current location is 'http://localhost:7272/classCreated.html'.</msg>
<status status="PASS" starttime="20210510 13:58:37.336" endtime="20210510 13:58:37.338"/>
</kw>
<kw name="Title Should Be" library="SeleniumLibrary">
<arg>Result Page</arg>
<doc>Verifies that the current page title equals ``title``.</doc>
<msg timestamp="20210510 13:58:37.340" level="INFO">Page title is 'Result Page'.</msg>
<status status="PASS" starttime="20210510 13:58:37.338" endtime="20210510 13:58:37.340"/>
</kw>
<status status="PASS" starttime="20210510 13:58:37.336" endtime="20210510 13:58:37.340"/>
</kw>
<status status="PASS" starttime="20210510 13:58:37.166" endtime="20210510 13:58:37.340"/>
</kw>
<status status="PASS" starttime="20210510 13:58:37.152" endtime="20210510 13:58:37.340"/>
</test>
<test id="s1-s2-t5" name="Input All 5">
<kw name="Go To Classcreation Page" library="resource" type="SETUP">
<kw name="Go To" library="SeleniumLibrary">
<arg>${CREATE URL}</arg>
<doc>Navigates the current browser window to the provided ``url``.</doc>
<msg timestamp="20210510 13:58:37.342" level="INFO">Opening url 'http://localhost:7272/createClass.html'</msg>
<status status="PASS" starttime="20210510 13:58:37.342" endtime="20210510 13:58:37.351"/>
</kw>
<kw name="Classcreation Page Should Be Open" library="resource">
<kw name="Title Should Be" library="SeleniumLibrary">
<arg>Create class</arg>
<doc>Verifies that the current page title equals ``title``.</doc>
<msg timestamp="20210510 13:58:37.353" level="INFO">Page title is 'Create class'.</msg>
<status status="PASS" starttime="20210510 13:58:37.352" endtime="20210510 13:58:37.353"/>
</kw>
<status status="PASS" starttime="20210510 13:58:37.352" endtime="20210510 13:58:37.353"/>
</kw>
<status status="PASS" starttime="20210510 13:58:37.341" endtime="20210510 13:58:37.354"/>
</kw>
<kw name="Create Class With valid Credentials Should Success">
<arg>text</arg>
<arg>text</arg>
<arg>2</arg>
<arg>3</arg>
<kw name="Input Title" library="resource">
<arg>${title}</arg>
<kw name="Input Text" library="SeleniumLibrary">
<arg>title_field</arg>
<arg>${title}</arg>
<doc>Types the given ``text`` into the text field identified by ``locator``.</doc>
<msg timestamp="20210510 13:58:37.354" level="INFO">Typing text 'text' into text field 'title_field'.</msg>
<status status="PASS" starttime="20210510 13:58:37.354" endtime="20210510 13:58:37.391"/>
</kw>
<status status="PASS" starttime="20210510 13:58:37.354" endtime="20210510 13:58:37.391"/>
</kw>
<kw name="Input Description" library="resource">
<arg>${description}</arg>
<kw name="Input Text" library="SeleniumLibrary">
<arg>description_field</arg>
<arg>${description}</arg>
<doc>Types the given ``text`` into the text field identified by ``locator``.</doc>
<msg timestamp="20210510 13:58:37.392" level="INFO">Typing text 'text' into text field 'description_field'.</msg>
<status status="PASS" starttime="20210510 13:58:37.391" endtime="20210510 13:58:37.425"/>
</kw>
<status status="PASS" starttime="20210510 13:58:37.391" endtime="20210510 13:58:37.426"/>
</kw>
<kw name="Select Difficulty" library="resource">
<arg>${difficulty}</arg>
<kw name="Select From List By Index" library="SeleniumLibrary">
<arg>xpath=//select[@id="difficulty_field"]</arg>
<arg>${difficulty}</arg>
<doc>Selects options from selection list ``locator`` by ``indexes``.</doc>
<msg timestamp="20210510 13:58:37.426" level="INFO">Selecting options from selection list 'xpath=//select[@id="difficulty_field"]' by index 2.</msg>
<status status="PASS" starttime="20210510 13:58:37.426" endtime="20210510 13:58:37.460"/>
</kw>
<status status="PASS" starttime="20210510 13:58:37.426" endtime="20210510 13:58:37.460"/>
</kw>
<kw name="Select Language" library="resource">
<arg>${language}</arg>
<kw name="Select From List By Index" library="SeleniumLibrary">
<arg>xpath=//select[@id="language_field"]</arg>
<arg>${language}</arg>
<doc>Selects options from selection list ``locator`` by ``indexes``.</doc>
<msg timestamp="20210510 13:58:37.460" level="INFO">Selecting options from selection list 'xpath=//select[@id="language_field"]' by index 3.</msg>
<status status="PASS" starttime="20210510 13:58:37.460" endtime="20210510 13:58:37.496"/>
</kw>
<status status="PASS" starttime="20210510 13:58:37.460" endtime="20210510 13:58:37.497"/>
</kw>
<kw name="Submit Creation" library="resource">
<kw name="Click Button" library="SeleniumLibrary">
<arg>submit_button</arg>
<doc>Clicks the button identified by ``locator``.</doc>
<msg timestamp="20210510 13:58:37.497" level="INFO">Clicking button 'submit_button'.</msg>
<status status="PASS" starttime="20210510 13:58:37.497" endtime="20210510 13:58:37.527"/>
</kw>
<status status="PASS" starttime="20210510 13:58:37.497" endtime="20210510 13:58:37.528"/>
</kw>
<kw name="Class Creation Should Have Successed">
<kw name="Location Should Be" library="SeleniumLibrary">
<arg>${CREATED URL}</arg>
<doc>Verifies that the current URL is exactly ``url``.</doc>
<msg timestamp="20210510 13:58:37.530" level="INFO">Current location is 'http://localhost:7272/classCreated.html'.</msg>
<status status="PASS" starttime="20210510 13:58:37.528" endtime="20210510 13:58:37.530"/>
</kw>
<kw name="Title Should Be" library="SeleniumLibrary">
<arg>Result Page</arg>
<doc>Verifies that the current page title equals ``title``.</doc>
<msg timestamp="20210510 13:58:37.532" level="INFO">Page title is 'Result Page'.</msg>
<status status="PASS" starttime="20210510 13:58:37.530" endtime="20210510 13:58:37.532"/>
</kw>
<status status="PASS" starttime="20210510 13:58:37.528" endtime="20210510 13:58:37.532"/>
</kw>
<status status="PASS" starttime="20210510 13:58:37.354" endtime="20210510 13:58:37.532"/>
</kw>
<status status="PASS" starttime="20210510 13:58:37.341" endtime="20210510 13:58:37.532"/>
</test>
<test id="s1-s2-t6" name="Input All 6">
<kw name="Go To Classcreation Page" library="resource" type="SETUP">
<kw name="Go To" library="SeleniumLibrary">
<arg>${CREATE URL}</arg>
<doc>Navigates the current browser window to the provided ``url``.</doc>
<msg timestamp="20210510 13:58:37.534" level="INFO">Opening url 'http://localhost:7272/createClass.html'</msg>
<status status="PASS" starttime="20210510 13:58:37.534" endtime="20210510 13:58:37.544"/>
</kw>
<kw name="Classcreation Page Should Be Open" library="resource">
<kw name="Title Should Be" library="SeleniumLibrary">
<arg>Create class</arg>
<doc>Verifies that the current page title equals ``title``.</doc>
<msg timestamp="20210510 13:58:37.546" level="INFO">Page title is 'Create class'.</msg>
<status status="PASS" starttime="20210510 13:58:37.544" endtime="20210510 13:58:37.546"/>
</kw>
<status status="PASS" starttime="20210510 13:58:37.544" endtime="20210510 13:58:37.546"/>
</kw>
<status status="PASS" starttime="20210510 13:58:37.533" endtime="20210510 13:58:37.546"/>
</kw>
<kw name="Create Class With valid Credentials Should Success">
<arg>text</arg>
<arg>text</arg>
<arg>3</arg>
<arg>3</arg>
<kw name="Input Title" library="resource">
<arg>${title}</arg>
<kw name="Input Text" library="SeleniumLibrary">
<arg>title_field</arg>
<arg>${title}</arg>
<doc>Types the given ``text`` into the text field identified by ``locator``.</doc>
<msg timestamp="20210510 13:58:37.547" level="INFO">Typing text 'text' into text field 'title_field'.</msg>
<status status="PASS" starttime="20210510 13:58:37.547" endtime="20210510 13:58:37.585"/>
</kw>
<status status="PASS" starttime="20210510 13:58:37.547" endtime="20210510 13:58:37.585"/>
</kw>
<kw name="Input Description" library="resource">
<arg>${description}</arg>
<kw name="Input Text" library="SeleniumLibrary">
<arg>description_field</arg>
<arg>${description}</arg>
<doc>Types the given ``text`` into the text field identified by ``locator``.</doc>
<msg timestamp="20210510 13:58:37.586" level="INFO">Typing text 'text' into text field 'description_field'.</msg>
<status status="PASS" starttime="20210510 13:58:37.585" endtime="20210510 13:58:37.620"/>
</kw>
<status status="PASS" starttime="20210510 13:58:37.585" endtime="20210510 13:58:37.620"/>
</kw>
<kw name="Select Difficulty" library="resource">
<arg>${difficulty}</arg>
<kw name="Select From List By Index" library="SeleniumLibrary">
<arg>xpath=//select[@id="difficulty_field"]</arg>
<arg>${difficulty}</arg>
<doc>Selects options from selection list ``locator`` by ``indexes``.</doc>
<msg timestamp="20210510 13:58:37.621" level="INFO">Selecting options from selection list 'xpath=//select[@id="difficulty_field"]' by index 3.</msg>
<status status="PASS" starttime="20210510 13:58:37.621" endtime="20210510 13:58:37.658"/>
</kw>
<status status="PASS" starttime="20210510 13:58:37.620" endtime="20210510 13:58:37.658"/>
</kw>
<kw name="Select Language" library="resource">
<arg>${language}</arg>
<kw name="Select From List By Index" library="SeleniumLibrary">
<arg>xpath=//select[@id="language_field"]</arg>
<arg>${language}</arg>
<doc>Selects options from selection list ``locator`` by ``indexes``.</doc>
<msg timestamp="20210510 13:58:37.659" level="INFO">Selecting options from selection list 'xpath=//select[@id="language_field"]' by index 3.</msg>
<status status="PASS" starttime="20210510 13:58:37.659" endtime="20210510 13:58:37.694"/>
</kw>
<status status="PASS" starttime="20210510 13:58:37.658" endtime="20210510 13:58:37.694"/>
</kw>
<kw name="Submit Creation" library="resource">
<kw name="Click Button" library="SeleniumLibrary">
<arg>submit_button</arg>
<doc>Clicks the button identified by ``locator``.</doc>
<msg timestamp="20210510 13:58:37.695" level="INFO">Clicking button 'submit_button'.</msg>
<status status="PASS" starttime="20210510 13:58:37.695" endtime="20210510 13:58:37.724"/>
</kw>
<status status="PASS" starttime="20210510 13:58:37.694" endtime="20210510 13:58:37.724"/>
</kw>
<kw name="Class Creation Should Have Successed">
<kw name="Location Should Be" library="SeleniumLibrary">
<arg>${CREATED URL}</arg>
<doc>Verifies that the current URL is exactly ``url``.</doc>
<msg timestamp="20210510 13:58:37.726" level="INFO">Current location is 'http://localhost:7272/classCreated.html'.</msg>
<status status="PASS" starttime="20210510 13:58:37.724" endtime="20210510 13:58:37.726"/>
</kw>
<kw name="Title Should Be" library="SeleniumLibrary">
<arg>Result Page</arg>
<doc>Verifies that the current page title equals ``title``.</doc>
<msg timestamp="20210510 13:58:37.727" level="INFO">Page title is 'Result Page'.</msg>
<status status="PASS" starttime="20210510 13:58:37.726" endtime="20210510 13:58:37.727"/>
</kw>
<status status="PASS" starttime="20210510 13:58:37.724" endtime="20210510 13:58:37.727"/>
</kw>
<status status="PASS" starttime="20210510 13:58:37.546" endtime="20210510 13:58:37.727"/>
</kw>
<status status="PASS" starttime="20210510 13:58:37.533" endtime="20210510 13:58:37.728"/>
</test>
<kw name="Close Browser" library="SeleniumLibrary" type="TEARDOWN">
<doc>Closes the current browser.</doc>
<status status="PASS" starttime="20210510 13:58:37.729" endtime="20210510 13:58:39.895"/>
</kw>
<doc>A test suite containing tests related to valid class creation.

These tests are data-driven by their nature. They use a single
keyword, specified with Test Template setting, that is called
with different arguments to cover different scenarios.

This suite also demonstrates using setups and teardowns in
different levels.</doc>
<status status="PASS" starttime="20210510 13:58:34.759" endtime="20210510 13:58:39.895"/>
</suite>
<status status="PASS" starttime="20210510 13:58:21.197" endtime="20210510 13:58:39.896"/>
</suite>
<statistics>
<total>
<stat pass="52" fail="0" skip="0">All Tests</stat>
</total>
<tag>
</tag>
<suite>
<stat pass="52" fail="0" skip="0" id="s1" name="Create Tests">Create Tests</stat>
<stat pass="46" fail="0" skip="0" id="s1-s1" name="Invalid Create">Create Tests.Invalid Create</stat>
<stat pass="6" fail="0" skip="0" id="s1-s2" name="Valid Create">Create Tests.Valid Create</stat>
</suite>
</statistics>
<errors>
</errors>
</robot>
